[2021-12-01 02:10:33.370] [exthost] [info] Extension host with pid 132445 started
[2021-12-01 02:10:33.454] [exthost] [info] Lock '/home/Mdinh5/.vscode-server/data/User/workspaceStorage/e4fa6b216f3021d2c5520ad339417fc5/vscode.lock': Lock acquired.
[2021-12-01 02:10:33.566] [exthost] [info] ExtensionService#_doActivateExtension vscode.extension-editing, startup: false, activationEvent: 'onLanguage:markdown'
[2021-12-01 02:10:33.688] [exthost] [info] ExtensionService#_doActivateExtension vscode.markdown-language-features, startup: false, activationEvent: 'onLanguage:markdown'
[2021-12-01 02:10:33.760] [exthost] [info] ExtensionService#_doActivateExtension vscode.debug-auto-launch, startup: true, activationEvent: '*'
[2021-12-01 02:10:33.763] [exthost] [info] ExtensionService#_doActivateExtension vscode.git, startup: true, activationEvent: '*', root cause: vscode.github
[2021-12-01 02:10:34.266] [exthost] [info] ExtensionService#_doActivateExtension vscode.github, startup: true, activationEvent: '*'
[2021-12-01 02:10:34.468] [exthost] [info] ExtensionService#_doActivateExtension vscode.markdown-math, startup: false, activationEvent: 'api', root cause: vscode.markdown-language-features
[2021-12-01 02:10:35.010] [exthost] [error] {"message":"Git error","stdout":"","stderr":"fatal: Pathspec '/home/Mdinh5/GroupPro/swe-project2/app.py' is in submodule 'GroupPro/swe-project2'\n","exitCode":128,"gitErrorCode":"IsInSubmodule"}
[2021-12-01 02:10:35.010] [exthost] [error] {"message":"Git error","stdout":"","stderr":"fatal: Pathspec '/home/Mdinh5/GroupPro/swe-project2/app.py' is in submodule 'GroupPro/swe-project2'\n","exitCode":128,"gitErrorCode":"IsInSubmodule"}
[2021-12-01 02:10:35.010] [exthost] [error] {"message":"Git error","stdout":"","stderr":"fatal: Pathspec '/home/Mdinh5/GroupPro/swe-project2/app.py' is in submodule 'GroupPro/swe-project2'\n","exitCode":128,"gitErrorCode":"IsInSubmodule"}
[2021-12-01 02:10:35.010] [exthost] [error] {"message":"Git error","stdout":"","stderr":"fatal: Pathspec '/home/Mdinh5/GroupPro/swe-project2/app.py' is in submodule 'GroupPro/swe-project2'\n","exitCode":128,"gitErrorCode":"IsInSubmodule"}
[2021-12-01 02:10:35.010] [exthost] [error] {"message":"Git error","stdout":"","stderr":"fatal: Pathspec '/home/Mdinh5/GroupPro/swe-project2/app.py' is in submodule 'GroupPro/swe-project2'\n","exitCode":128,"gitErrorCode":"IsInSubmodule"}
[2021-12-01 02:10:35.010] [exthost] [error] {"message":"Git error","stdout":"","stderr":"fatal: Pathspec '/home/Mdinh5/GroupPro/swe-project2/app.py' is in submodule 'GroupPro/swe-project2'\n","exitCode":128,"gitErrorCode":"IsInSubmodule"}
[2021-12-01 02:10:35.010] [exthost] [error] {"message":"Git error","stdout":"","stderr":"fatal: Pathspec '/home/Mdinh5/GroupPro/swe-project2/app.py' is in submodule 'GroupPro/swe-project2'\n","exitCode":128,"gitErrorCode":"IsInSubmodule"}
[2021-12-01 02:10:35.010] [exthost] [error] {"message":"Git error","stdout":"","stderr":"fatal: Pathspec '/home/Mdinh5/GroupPro/swe-project2/app.py' is in submodule 'GroupPro/swe-project2'\n","exitCode":128,"gitErrorCode":"IsInSubmodule"}
[2021-12-01 02:10:35.010] [exthost] [error] {"message":"Git error","stdout":"","stderr":"fatal: Pathspec '/home/Mdinh5/GroupPro/swe-project2/app.py' is in submodule 'GroupPro/swe-project2'\n","exitCode":128,"gitErrorCode":"IsInSubmodule"}
[2021-12-01 02:10:35.010] [exthost] [error] {"message":"Git error","stdout":"","stderr":"fatal: Pathspec '/home/Mdinh5/GroupPro/swe-project2/app.py' is in submodule 'GroupPro/swe-project2'\n","exitCode":128,"gitErrorCode":"IsInSubmodule"}
[2021-12-01 02:10:35.010] [exthost] [error] {"message":"Git error","stdout":"","stderr":"fatal: Pathspec '/home/Mdinh5/GroupPro/swe-project2/app.py' is in submodule 'GroupPro/swe-project2'\n","exitCode":128,"gitErrorCode":"IsInSubmodule"}
[2021-12-01 02:10:35.010] [exthost] [error] {"message":"Git error","stdout":"","stderr":"fatal: Pathspec '/home/Mdinh5/GroupPro/swe-project2/app.py' is in submodule 'GroupPro/swe-project2'\n","exitCode":128,"gitErrorCode":"IsInSubmodule"}
[2021-12-01 02:10:35.010] [exthost] [error] {"message":"Git error","stdout":"","stderr":"fatal: Pathspec '/home/Mdinh5/GroupPro/swe-project2/app.py' is in submodule 'GroupPro/swe-project2'\n","exitCode":128,"gitErrorCode":"IsInSubmodule"}
[2021-12-01 02:10:35.010] [exthost] [error] {"message":"Git error","stdout":"","stderr":"fatal: Pathspec '/home/Mdinh5/GroupPro/swe-project2/app.py' is in submodule 'GroupPro/swe-project2'\n","exitCode":128,"gitErrorCode":"IsInSubmodule"}
[2021-12-01 02:10:35.010] [exthost] [error] {"message":"Git error","stdout":"","stderr":"fatal: Pathspec '/home/Mdinh5/GroupPro/swe-project2/app.py' is in submodule 'GroupPro/swe-project2'\n","exitCode":128,"gitErrorCode":"IsInSubmodule"}
[2021-12-01 02:10:35.010] [exthost] [error] {"message":"Git error","stdout":"","stderr":"fatal: Pathspec '/home/Mdinh5/GroupPro/swe-project2/app.py' is in submodule 'GroupPro/swe-project2'\n","exitCode":128,"gitErrorCode":"IsInSubmodule"}
[2021-12-01 02:10:35.010] [exthost] [error] {"message":"Git error","stdout":"","stderr":"fatal: Pathspec '/home/Mdinh5/GroupPro/swe-project2/app.py' is in submodule 'GroupPro/swe-project2'\n","exitCode":128,"gitErrorCode":"IsInSubmodule"}
[2021-12-01 02:10:35.010] [exthost] [error] {"message":"Git error","stdout":"","stderr":"fatal: Pathspec '/home/Mdinh5/GroupPro/swe-project2/app.py' is in submodule 'GroupPro/swe-project2'\n","exitCode":128,"gitErrorCode":"IsInSubmodule"}
[2021-12-01 02:10:35.010] [exthost] [error] {"message":"Git error","stdout":"","stderr":"fatal: Pathspec '/home/Mdinh5/GroupPro/swe-project2/app.py' is in submodule 'GroupPro/swe-project2'\n","exitCode":128,"gitErrorCode":"IsInSubmodule"}
[2021-12-01 02:10:35.010] [exthost] [error] {"message":"Git error","stdout":"","stderr":"fatal: Pathspec '/home/Mdinh5/GroupPro/swe-project2/app.py' is in submodule 'GroupPro/swe-project2'\n","exitCode":128,"gitErrorCode":"IsInSubmodule"}
[2021-12-01 02:10:35.010] [exthost] [error] {"message":"Git error","stdout":"","stderr":"fatal: Pathspec '/home/Mdinh5/GroupPro/swe-project2/app.py' is in submodule 'GroupPro/swe-project2'\n","exitCode":128,"gitErrorCode":"IsInSubmodule"}
[2021-12-01 02:10:35.010] [exthost] [error] {"message":"Git error","stdout":"","stderr":"fatal: Pathspec '/home/Mdinh5/GroupPro/swe-project2/app.py' is in submodule 'GroupPro/swe-project2'\n","exitCode":128,"gitErrorCode":"IsInSubmodule"}
[2021-12-01 02:10:35.010] [exthost] [error] {"message":"Git error","stdout":"","stderr":"fatal: Pathspec '/home/Mdinh5/GroupPro/swe-project2/app.py' is in submodule 'GroupPro/swe-project2'\n","exitCode":128,"gitErrorCode":"IsInSubmodule"}
[2021-12-01 02:10:35.010] [exthost] [error] {"message":"Git error","stdout":"","stderr":"fatal: Pathspec '/home/Mdinh5/GroupPro/swe-project2/app.py' is in submodule 'GroupPro/swe-project2'\n","exitCode":128,"gitErrorCode":"IsInSubmodule"}
[2021-12-01 02:10:35.010] [exthost] [error] {"message":"Git error","stdout":"","stderr":"fatal: Pathspec '/home/Mdinh5/GroupPro/swe-project2/app.py' is in submodule 'GroupPro/swe-project2'\n","exitCode":128,"gitErrorCode":"IsInSubmodule"}
[2021-12-01 02:10:35.010] [exthost] [error] {"message":"Git error","stdout":"","stderr":"fatal: Pathspec '/home/Mdinh5/GroupPro/swe-project2/app.py' is in submodule 'GroupPro/swe-project2'\n","exitCode":128,"gitErrorCode":"IsInSubmodule"}
[2021-12-01 02:10:35.010] [exthost] [error] {"message":"Git error","stdout":"","stderr":"fatal: Pathspec '/home/Mdinh5/GroupPro/swe-project2/app.py' is in submodule 'GroupPro/swe-project2'\n","exitCode":128,"gitErrorCode":"IsInSubmodule"}
[2021-12-01 02:10:35.010] [exthost] [error] {"message":"Git error","stdout":"","stderr":"fatal: Pathspec '/home/Mdinh5/GroupPro/swe-project2/app.py' is in submodule 'GroupPro/swe-project2'\n","exitCode":128,"gitErrorCode":"IsInSubmodule"}
[2021-12-01 02:10:35.010] [exthost] [error] {"message":"Git error","stdout":"","stderr":"fatal: Pathspec '/home/Mdinh5/GroupPro/swe-project2/app.py' is in submodule 'GroupPro/swe-project2'\n","exitCode":128,"gitErrorCode":"IsInSubmodule"}
[2021-12-01 02:10:35.010] [exthost] [error] {"message":"Git error","stdout":"","stderr":"fatal: Pathspec '/home/Mdinh5/GroupPro/swe-project2/app.py' is in submodule 'GroupPro/swe-project2'\n","exitCode":128,"gitErrorCode":"IsInSubmodule"}
[2021-12-01 02:10:35.010] [exthost] [error] {"message":"Git error","stdout":"","stderr":"fatal: Pathspec '/home/Mdinh5/GroupPro/swe-project2/app.py' is in submodule 'GroupPro/swe-project2'\n","exitCode":128,"gitErrorCode":"IsInSubmodule"}
[2021-12-01 02:10:35.010] [exthost] [error] {"message":"Git error","stdout":"","stderr":"fatal: Pathspec '/home/Mdinh5/GroupPro/swe-project2/app.py' is in submodule 'GroupPro/swe-project2'\n","exitCode":128,"gitErrorCode":"IsInSubmodule"}
[2021-12-01 02:10:35.010] [exthost] [error] {"message":"Git error","stdout":"","stderr":"fatal: Pathspec '/home/Mdinh5/GroupPro/swe-project2/app.py' is in submodule 'GroupPro/swe-project2'\n","exitCode":128,"gitErrorCode":"IsInSubmodule"}
[2021-12-01 02:10:35.010] [exthost] [error] {"message":"Git error","stdout":"","stderr":"fatal: Pathspec '/home/Mdinh5/GroupPro/swe-project2/app.py' is in submodule 'GroupPro/swe-project2'\n","exitCode":128,"gitErrorCode":"IsInSubmodule"}
[2021-12-01 02:10:35.010] [exthost] [error] {"message":"Git error","stdout":"","stderr":"fatal: Pathspec '/home/Mdinh5/GroupPro/swe-project2/app.py' is in submodule 'GroupPro/swe-project2'\n","exitCode":128,"gitErrorCode":"IsInSubmodule"}
[2021-12-01 02:10:35.010] [exthost] [error] {"message":"Git error","stdout":"","stderr":"fatal: Pathspec '/home/Mdinh5/GroupPro/swe-project2/app.py' is in submodule 'GroupPro/swe-project2'\n","exitCode":128,"gitErrorCode":"IsInSubmodule"}
[2021-12-01 02:10:35.010] [exthost] [error] {"message":"Git error","stdout":"","stderr":"fatal: Pathspec '/home/Mdinh5/GroupPro/swe-project2/app.py' is in submodule 'GroupPro/swe-project2'\n","exitCode":128,"gitErrorCode":"IsInSubmodule"}
[2021-12-01 02:10:35.010] [exthost] [error] {"message":"Git error","stdout":"","stderr":"fatal: Pathspec '/home/Mdinh5/GroupPro/swe-project2/app.py' is in submodule 'GroupPro/swe-project2'\n","exitCode":128,"gitErrorCode":"IsInSubmodule"}
[2021-12-01 02:10:35.010] [exthost] [error] {"message":"Git error","stdout":"","stderr":"fatal: Pathspec '/home/Mdinh5/GroupPro/swe-project2/app.py' is in submodule 'GroupPro/swe-project2'\n","exitCode":128,"gitErrorCode":"IsInSubmodule"}
[2021-12-01 02:10:35.010] [exthost] [error] {"message":"Git error","stdout":"","stderr":"fatal: Pathspec '/home/Mdinh5/GroupPro/swe-project2/app.py' is in submodule 'GroupPro/swe-project2'\n","exitCode":128,"gitErrorCode":"IsInSubmodule"}
[2021-12-01 02:10:35.010] [exthost] [error] {"message":"Git error","stdout":"","stderr":"fatal: Pathspec '/home/Mdinh5/GroupPro/swe-project2/app.py' is in submodule 'GroupPro/swe-project2'\n","exitCode":128,"gitErrorCode":"IsInSubmodule"}
[2021-12-01 02:10:35.010] [exthost] [error] {"message":"Git error","stdout":"","stderr":"fatal: Pathspec '/home/Mdinh5/GroupPro/swe-project2/app.py' is in submodule 'GroupPro/swe-project2'\n","exitCode":128,"gitErrorCode":"IsInSubmodule"}
[2021-12-01 02:10:35.010] [exthost] [error] {"message":"Git error","stdout":"","stderr":"fatal: Pathspec '/home/Mdinh5/GroupPro/swe-project2/app.py' is in submodule 'GroupPro/swe-project2'\n","exitCode":128,"gitErrorCode":"IsInSubmodule"}
[2021-12-01 02:10:35.010] [exthost] [error] {"message":"Git error","stdout":"","stderr":"fatal: Pathspec '/home/Mdinh5/GroupPro/swe-project2/app.py' is in submodule 'GroupPro/swe-project2'\n","exitCode":128,"gitErrorCode":"IsInSubmodule"}
[2021-12-01 02:10:35.010] [exthost] [error] {"message":"Git error","stdout":"","stderr":"fatal: Pathspec '/home/Mdinh5/GroupPro/swe-project2/app.py' is in submodule 'GroupPro/swe-project2'\n","exitCode":128,"gitErrorCode":"IsInSubmodule"}
[2021-12-01 02:10:35.010] [exthost] [error] {"message":"Git error","stdout":"","stderr":"fatal: Pathspec '/home/Mdinh5/GroupPro/swe-project2/app.py' is in submodule 'GroupPro/swe-project2'\n","exitCode":128,"gitErrorCode":"IsInSubmodule"}
[2021-12-01 02:10:35.010] [exthost] [error] {"message":"Git error","stdout":"","stderr":"fatal: Pathspec '/home/Mdinh5/GroupPro/swe-project2/app.py' is in submodule 'GroupPro/swe-project2'\n","exitCode":128,"gitErrorCode":"IsInSubmodule"}
[2021-12-01 02:10:35.010] [exthost] [error] {"message":"Git error","stdout":"","stderr":"fatal: Pathspec '/home/Mdinh5/GroupPro/swe-project2/app.py' is in submodule 'GroupPro/swe-project2'\n","exitCode":128,"gitErrorCode":"IsInSubmodule"}
[2021-12-01 02:10:35.010] [exthost] [error] {"message":"Git error","stdout":"","stderr":"fatal: Pathspec '/home/Mdinh5/GroupPro/swe-project2/app.py' is in submodule 'GroupPro/swe-project2'\n","exitCode":128,"gitErrorCode":"IsInSubmodule"}
[2021-12-01 02:10:35.010] [exthost] [error] {"message":"Git error","stdout":"","stderr":"fatal: Pathspec '/home/Mdinh5/GroupPro/swe-project2/app.py' is in submodule 'GroupPro/swe-project2'\n","exitCode":128,"gitErrorCode":"IsInSubmodule"}
[2021-12-01 02:10:35.011] [exthost] [error] {"message":"Git error","stdout":"","stderr":"fatal: Pathspec '/home/Mdinh5/GroupPro/swe-project2/app.py' is in submodule 'GroupPro/swe-project2'\n","exitCode":128,"gitErrorCode":"IsInSubmodule"}
[2021-12-01 02:10:35.011] [exthost] [error] {"message":"Git error","stdout":"","stderr":"fatal: Pathspec '/home/Mdinh5/GroupPro/swe-project2/app.py' is in submodule 'GroupPro/swe-project2'\n","exitCode":128,"gitErrorCode":"IsInSubmodule"}
[2021-12-01 02:10:35.011] [exthost] [error] {"message":"Git error","stdout":"","stderr":"fatal: Pathspec '/home/Mdinh5/GroupPro/swe-project2/app.py' is in submodule 'GroupPro/swe-project2'\n","exitCode":128,"gitErrorCode":"IsInSubmodule"}
[2021-12-01 02:10:35.011] [exthost] [error] {"message":"Git error","stdout":"","stderr":"fatal: Pathspec '/home/Mdinh5/GroupPro/swe-project2/app.py' is in submodule 'GroupPro/swe-project2'\n","exitCode":128,"gitErrorCode":"IsInSubmodule"}
[2021-12-01 02:10:35.011] [exthost] [error] {"message":"Git error","stdout":"","stderr":"fatal: Pathspec '/home/Mdinh5/GroupPro/swe-project2/app.py' is in submodule 'GroupPro/swe-project2'\n","exitCode":128,"gitErrorCode":"IsInSubmodule"}
[2021-12-01 02:10:35.011] [exthost] [error] {"message":"Git error","stdout":"","stderr":"fatal: Pathspec '/home/Mdinh5/GroupPro/swe-project2/app.py' is in submodule 'GroupPro/swe-project2'\n","exitCode":128,"gitErrorCode":"IsInSubmodule"}
[2021-12-01 02:10:35.011] [exthost] [error] {"message":"Git error","stdout":"","stderr":"fatal: Pathspec '/home/Mdinh5/GroupPro/swe-project2/app.py' is in submodule 'GroupPro/swe-project2'\n","exitCode":128,"gitErrorCode":"IsInSubmodule"}
[2021-12-01 02:10:35.011] [exthost] [error] {"message":"Git error","stdout":"","stderr":"fatal: Pathspec '/home/Mdinh5/GroupPro/swe-project2/app.py' is in submodule 'GroupPro/swe-project2'\n","exitCode":128,"gitErrorCode":"IsInSubmodule"}
[2021-12-01 02:10:35.011] [exthost] [error] {"message":"Git error","stdout":"","stderr":"fatal: Pathspec '/home/Mdinh5/GroupPro/swe-project2/app.py' is in submodule 'GroupPro/swe-project2'\n","exitCode":128,"gitErrorCode":"IsInSubmodule"}
[2021-12-01 02:10:35.011] [exthost] [error] {"message":"Git error","stdout":"","stderr":"fatal: Pathspec '/home/Mdinh5/GroupPro/swe-project2/app.py' is in submodule 'GroupPro/swe-project2'\n","exitCode":128,"gitErrorCode":"IsInSubmodule"}
[2021-12-01 02:10:35.011] [exthost] [error] {"message":"Git error","stdout":"","stderr":"fatal: Pathspec '/home/Mdinh5/GroupPro/swe-project2/app.py' is in submodule 'GroupPro/swe-project2'\n","exitCode":128,"gitErrorCode":"IsInSubmodule"}
[2021-12-01 02:10:35.011] [exthost] [error] {"message":"Git error","stdout":"","stderr":"fatal: Pathspec '/home/Mdinh5/GroupPro/swe-project2/app.py' is in submodule 'GroupPro/swe-project2'\n","exitCode":128,"gitErrorCode":"IsInSubmodule"}
[2021-12-01 02:10:35.011] [exthost] [error] {"message":"Git error","stdout":"","stderr":"fatal: Pathspec '/home/Mdinh5/GroupPro/swe-project2/app.py' is in submodule 'GroupPro/swe-project2'\n","exitCode":128,"gitErrorCode":"IsInSubmodule"}
[2021-12-01 02:10:35.011] [exthost] [error] {"message":"Git error","stdout":"","stderr":"fatal: Pathspec '/home/Mdinh5/GroupPro/swe-project2/app.py' is in submodule 'GroupPro/swe-project2'\n","exitCode":128,"gitErrorCode":"IsInSubmodule"}
[2021-12-01 02:10:35.011] [exthost] [error] {"message":"Git error","stdout":"","stderr":"fatal: Pathspec '/home/Mdinh5/GroupPro/swe-project2/app.py' is in submodule 'GroupPro/swe-project2'\n","exitCode":128,"gitErrorCode":"IsInSubmodule"}
[2021-12-01 02:10:35.011] [exthost] [error] {"message":"Git error","stdout":"","stderr":"fatal: Pathspec '/home/Mdinh5/GroupPro/swe-project2/app.py' is in submodule 'GroupPro/swe-project2'\n","exitCode":128,"gitErrorCode":"IsInSubmodule"}
[2021-12-01 02:10:35.011] [exthost] [error] {"message":"Git error","stdout":"","stderr":"fatal: Pathspec '/home/Mdinh5/GroupPro/swe-project2/app.py' is in submodule 'GroupPro/swe-project2'\n","exitCode":128,"gitErrorCode":"IsInSubmodule"}
[2021-12-01 02:10:35.011] [exthost] [error] {"message":"Git error","stdout":"","stderr":"fatal: Pathspec '/home/Mdinh5/GroupPro/swe-project2/app.py' is in submodule 'GroupPro/swe-project2'\n","exitCode":128,"gitErrorCode":"IsInSubmodule"}
[2021-12-01 02:10:35.011] [exthost] [error] {"message":"Git error","stdout":"","stderr":"fatal: Pathspec '/home/Mdinh5/GroupPro/swe-project2/app.py' is in submodule 'GroupPro/swe-project2'\n","exitCode":128,"gitErrorCode":"IsInSubmodule"}
[2021-12-01 02:10:35.011] [exthost] [error] {"message":"Git error","stdout":"","stderr":"fatal: Pathspec '/home/Mdinh5/GroupPro/swe-project2/app.py' is in submodule 'GroupPro/swe-project2'\n","exitCode":128,"gitErrorCode":"IsInSubmodule"}
[2021-12-01 02:10:35.011] [exthost] [error] {"message":"Git error","stdout":"","stderr":"fatal: Pathspec '/home/Mdinh5/GroupPro/swe-project2/app.py' is in submodule 'GroupPro/swe-project2'\n","exitCode":128,"gitErrorCode":"IsInSubmodule"}
[2021-12-01 02:10:35.011] [exthost] [error] {"message":"Git error","stdout":"","stderr":"fatal: Pathspec '/home/Mdinh5/GroupPro/swe-project2/app.py' is in submodule 'GroupPro/swe-project2'\n","exitCode":128,"gitErrorCode":"IsInSubmodule"}
[2021-12-01 02:10:38.649] [exthost] [info] ExtensionService#_doActivateExtension vscode.merge-conflict, startup: false, activationEvent: 'onStartupFinished'
[2021-12-01 02:10:38.655] [exthost] [info] Eager extensions activated
[2021-12-01 02:10:39.255] [exthost] [warning] [Decorations] CAPPING events from decorations provider vscode.git 10000
