Info 2021-11-27 00:51:35: Experimentation service retrieved: [object Object]
User belongs to experiment group 'jupyterTest'
User belongs to experiment group 'jupyterEnhancedDataViewer'
Info 2021-11-27 00:51:35: ZMQ install verified.
Info 2021-11-27 00:51:36: Experiment status for python is {"enabled":true,"optInto":[],"optOutFrom":[]}
Info 2021-11-27 00:51:37: Process Execution: > /bin/python3 -m pip list
> /bin/python3 -m pip list
Info 2021-11-27 00:51:37: Process Execution: > /bin/python3 -m pip list
> /bin/python3 -m pip list
Info 2021-11-27 00:51:37: Process Execution: > /bin/python3 -c "import jupyter"
> /bin/python3 -c "import jupyter"
Info 2021-11-27 00:51:37: Process Execution: > /bin/python3 -c "import jupyter"
> /bin/python3 -c "import jupyter"
Info 2021-11-27 00:51:37: Process Execution: > /bin/python3 -c "import notebook"
> /bin/python3 -c "import notebook"
Info 2021-11-27 00:51:37: Process Execution: > /bin/python3 -c "import notebook"
> /bin/python3 -c "import notebook"
Info 2021-11-27 00:59:18: Shutting down notebooks for 71210090-9037-488f-ab07-983bad42ee35
Info 2021-11-27 00:59:18: Disposing HostJupyterExecution 8216f1b3-1b0c-4e8a-9939-15538a6e37df
Info 2021-11-27 00:59:18: Disposing super HostJupyterExecution 8216f1b3-1b0c-4e8a-9939-15538a6e37df
Info 2021-11-27 00:59:18: Disposing HostJupyterExecution 8216f1b3-1b0c-4e8a-9939-15538a6e37df
Info 2021-11-27 00:59:18: Finished disposing HostJupyterExecution  8216f1b3-1b0c-4e8a-9939-15538a6e37df
Info 2021-11-27 00:59:18: Cleaning up server cache 8216f1b3-1b0c-4e8a-9939-15538a6e37df
Info 2021-11-27 00:59:18: Finished disposing HostJupyterExecution  8216f1b3-1b0c-4e8a-9939-15538a6e37df
