Info 2021-11-27 17:20:30: Experimentation service retrieved: [object Object]
User belongs to experiment group 'jupyterTest'
User belongs to experiment group 'jupyterEnhancedDataViewer'
Info 2021-11-27 17:20:30: ZMQ install verified.
Info 2021-11-27 17:20:31: Experiment status for python is {"enabled":true,"optInto":[],"optOutFrom":[]}
Info 2021-11-27 17:20:32: Process Execution: > /bin/python3 -m pip list
> /bin/python3 -m pip list
Info 2021-11-27 17:20:32: Process Execution: > /bin/python3 -m pip list
> /bin/python3 -m pip list
Info 2021-11-27 17:20:32: Process Execution: > /bin/python3 -c "import jupyter"
> /bin/python3 -c "import jupyter"
Info 2021-11-27 17:20:32: Process Execution: > /bin/python3 -c "import jupyter"
> /bin/python3 -c "import jupyter"
Info 2021-11-27 17:20:32: Process Execution: > /bin/python3 -c "import notebook"
> /bin/python3 -c "import notebook"
Info 2021-11-27 17:20:32: Process Execution: > /bin/python3 -c "import notebook"
> /bin/python3 -c "import notebook"
Info 2021-11-27 18:42:58: Shutting down notebooks for 706f283b-0437-4f89-aba0-fa2a052ab494
Info 2021-11-27 18:42:58: Disposing HostJupyterExecution 95929e27-6dd4-4f7d-8d41-c370d40beb92
Info 2021-11-27 18:42:58: Disposing super HostJupyterExecution 95929e27-6dd4-4f7d-8d41-c370d40beb92
Info 2021-11-27 18:42:58: Disposing HostJupyterExecution 95929e27-6dd4-4f7d-8d41-c370d40beb92
Info 2021-11-27 18:42:58: Finished disposing HostJupyterExecution  95929e27-6dd4-4f7d-8d41-c370d40beb92
Info 2021-11-27 18:42:58: Cleaning up server cache 95929e27-6dd4-4f7d-8d41-c370d40beb92
Info 2021-11-27 18:42:58: Finished disposing HostJupyterExecution  95929e27-6dd4-4f7d-8d41-c370d40beb92
