Validating found git in: git
Using git 2.25.1 from git
> git rev-parse --git-dir
Open repository: /home/Mdinh5
> git status -z -u
> git symbolic-ref --short HEAD
> git for-each-ref --format=%(refname)%00%(upstream:short)%00%(objectname)%00%(upstream:track) refs/heads/tripmap refs/remotes/tripmap
> git for-each-ref --sort -committerdate --format %(refname) %(objectname) %(*objectname)
> git remote --verbose
> git config --get commit.template
> git show --textconv :GroupPro/swe-project2/templates/StaticCity.html
> git ls-files --stage -- /home/Mdinh5/GroupPro/swe-project2/templates/StaticCity.html
> git check-ignore -v -z --stdin
> git show --textconv :GroupPro/swe-project2/src/App.js
> git ls-files --stage -- /home/Mdinh5/GroupPro/swe-project2/src/App.js
> git check-ignore -v -z --stdin
> git check-ignore -v -z --stdin
> git show --textconv :GroupPro/swe-project2/templates/Static.js
> git ls-files --stage -- /home/Mdinh5/GroupPro/swe-project2/templates/Static.js
> git check-ignore -v -z --stdin
> git show --textconv :GroupPro/swe-project2/app.py
> git ls-files --stage -- /home/Mdinh5/GroupPro/swe-project2/app.py
> git check-ignore -v -z --stdin
> git check-ignore -v -z --stdin
> git show --textconv :GroupPro/swe-project2/public/index.html
> git ls-files --stage -- /home/Mdinh5/GroupPro/swe-project2/public/index.html
> git show --textconv :GroupPro/swe-project2/src/App.css
> git ls-files --stage -- /home/Mdinh5/GroupPro/swe-project2/src/App.css
> git show --textconv :GroupPro/swe-project2/src/App.js
> git ls-files --stage -- /home/Mdinh5/GroupPro/swe-project2/src/App.js
> git show --textconv :GroupPro/swe-project2/public/index.html
> git ls-files --stage -- /home/Mdinh5/GroupPro/swe-project2/public/index.html
> git show --textconv :GroupPro/swe-project2/src/App.js
> git ls-files --stage -- /home/Mdinh5/GroupPro/swe-project2/src/App.js
> git show --textconv :GroupPro/swe-project2/src/index.js
> git ls-files --stage -- /home/Mdinh5/GroupPro/swe-project2/src/index.js
> git show --textconv :GroupPro/swe-project2/src/App.js
> git ls-files --stage -- /home/Mdinh5/GroupPro/swe-project2/src/App.js
> git show --textconv :GroupPro/swe-project2/templates/StaticCity.html
> git ls-files --stage -- /home/Mdinh5/GroupPro/swe-project2/templates/StaticCity.html
> git show --textconv :GroupPro/swe-project2/templates/Static.js
> git ls-files --stage -- /home/Mdinh5/GroupPro/swe-project2/templates/Static.js
> git show --textconv :GroupPro/swe-project2/app.py
> git ls-files --stage -- /home/Mdinh5/GroupPro/swe-project2/app.py
> git show --textconv :GroupPro/swe-project2/templates/StaticCity.html
> git ls-files --stage -- /home/Mdinh5/GroupPro/swe-project2/templates/StaticCity.html
> git show --textconv :GroupPro/swe-project2/app.py
> git ls-files --stage -- /home/Mdinh5/GroupPro/swe-project2/app.py
> git show --textconv :GroupPro/swe-project2/src/App.js
> git ls-files --stage -- /home/Mdinh5/GroupPro/swe-project2/src/App.js
> git show --textconv :GroupPro/swe-project2/app.py
> git ls-files --stage -- /home/Mdinh5/GroupPro/swe-project2/app.py
> git check-ignore -v -z --stdin
> git show --textconv :GroupPro/swe-project2/templates/StaticCity.html
> git ls-files --stage -- /home/Mdinh5/GroupPro/swe-project2/templates/StaticCity.html
> git show --textconv :GroupPro/swe-project2/src/App.js
> git ls-files --stage -- /home/Mdinh5/GroupPro/swe-project2/src/App.js
> git show --textconv :GroupPro/swe-project2/templates/Static.js
> git ls-files --stage -- /home/Mdinh5/GroupPro/swe-project2/templates/Static.js
> git show --textconv :GroupPro/swe-project2/src/App.js
> git ls-files --stage -- /home/Mdinh5/GroupPro/swe-project2/src/App.js
> git show --textconv :GroupPro/swe-project2/templates/StaticCity.html
> git ls-files --stage -- /home/Mdinh5/GroupPro/swe-project2/templates/StaticCity.html
> git check-ignore -v -z --stdin
> git show --textconv :GroupPro/swe-project2/templates/Static_City.html
> git ls-files --stage -- /home/Mdinh5/GroupPro/swe-project2/templates/Static_City.html
> git show --textconv :GroupPro/swe-project2/app.py
> git ls-files --stage -- /home/Mdinh5/GroupPro/swe-project2/app.py
> git show --textconv :GroupPro/swe-project2/src/App.js
> git ls-files --stage -- /home/Mdinh5/GroupPro/swe-project2/src/App.js
> git show --textconv :GroupPro/swe-project2/app.py
> git ls-files --stage -- /home/Mdinh5/GroupPro/swe-project2/app.py
> git check-ignore -v -z --stdin
> git show --textconv :GroupPro/swe-project2/templates/Static_City.html
> git ls-files --stage -- /home/Mdinh5/GroupPro/swe-project2/templates/Static_City.html
> git check-ignore -v -z --stdin
> git show --textconv :GroupPro/swe-project2/src/App.js
> git ls-files --stage -- /home/Mdinh5/GroupPro/swe-project2/src/App.js
> git show --textconv :GroupPro/swe-project2/app.py
> git ls-files --stage -- /home/Mdinh5/GroupPro/swe-project2/app.py
> git show --textconv :GroupPro/swe-project2/templates/Static_City.html
> git ls-files --stage -- /home/Mdinh5/GroupPro/swe-project2/templates/Static_City.html
> git show --textconv :GroupPro/swe-project2/src/App.js
> git ls-files --stage -- /home/Mdinh5/GroupPro/swe-project2/src/App.js
> git show --textconv :GroupPro/swe-project2/templates/Static_City.html
> git ls-files --stage -- /home/Mdinh5/GroupPro/swe-project2/templates/Static_City.html
> git show --textconv :GroupPro/swe-project2/src/App.js
> git ls-files --stage -- /home/Mdinh5/GroupPro/swe-project2/src/App.js
> git show --textconv :GroupPro/swe-project2/templates/Static_City.html
> git ls-files --stage -- /home/Mdinh5/GroupPro/swe-project2/templates/Static_City.html
> git show --textconv :GroupPro/swe-project2/src/App.js
> git ls-files --stage -- /home/Mdinh5/GroupPro/swe-project2/src/App.js
> git show --textconv :GroupPro/swe-project2/templates/Static_City.html
> git ls-files --stage -- /home/Mdinh5/GroupPro/swe-project2/templates/Static_City.html
> git show --textconv :GroupPro/swe-project2/app.py
> git ls-files --stage -- /home/Mdinh5/GroupPro/swe-project2/app.py
> git show --textconv :GroupPro/swe-project2/templates/Static_City.html
> git ls-files --stage -- /home/Mdinh5/GroupPro/swe-project2/templates/Static_City.html
> git check-ignore -v -z --stdin
> git log --format=%H%n%aN%n%aE%n%at%n%ct%n%P%n%B -z -n21 -- /home/Mdinh5/GroupPro/swe-project2/templates/Static_City.html
> git show --textconv :GroupPro/swe-project2/app.py
> git ls-files --stage -- /home/Mdinh5/GroupPro/swe-project2/app.py
> git show --textconv :GroupPro/swe-project2/py_files/cityimg.py
> git ls-files --stage -- /home/Mdinh5/GroupPro/swe-project2/py_files/cityimg.py
> git show --textconv :GroupPro/swe-project2/app.py
> git ls-files --stage -- /home/Mdinh5/GroupPro/swe-project2/app.py
> git show --textconv :GroupPro/swe-project2/templates/Static_City.html
> git ls-files --stage -- /home/Mdinh5/GroupPro/swe-project2/templates/Static_City.html
> git show --textconv :GroupPro/swe-project2/app.py
> git ls-files --stage -- /home/Mdinh5/GroupPro/swe-project2/app.py
> git show --textconv :GroupPro/swe-project2/templates/Static_City.html
> git ls-files --stage -- /home/Mdinh5/GroupPro/swe-project2/templates/Static_City.html
> git show --textconv :GroupPro/swe-project2/src/App.css
> git ls-files --stage -- /home/Mdinh5/GroupPro/swe-project2/src/App.css
> git show --textconv :GroupPro/swe-project2/templates/Static_City.html
> git ls-files --stage -- /home/Mdinh5/GroupPro/swe-project2/templates/Static_City.html
> git show --textconv :GroupPro/swe-project2/src/App.js
> git ls-files --stage -- /home/Mdinh5/GroupPro/swe-project2/src/App.js
> git show --textconv :GroupPro/swe-project2/templates/Static_City.html
> git ls-files --stage -- /home/Mdinh5/GroupPro/swe-project2/templates/Static_City.html
> git show --textconv :GroupPro/swe-project2/src/App.css
> git ls-files --stage -- /home/Mdinh5/GroupPro/swe-project2/src/App.css
> git show --textconv :GroupPro/swe-project2/src/App.js
> git ls-files --stage -- /home/Mdinh5/GroupPro/swe-project2/src/App.js
> git show --textconv :GroupPro/swe-project2/templates/Static_City.html
> git ls-files --stage -- /home/Mdinh5/GroupPro/swe-project2/templates/Static_City.html
> git show --textconv :GroupPro/swe-project2/src/App.js
> git ls-files --stage -- /home/Mdinh5/GroupPro/swe-project2/src/App.js
> git show --textconv :GroupPro/swe-project2/templates/Static_City.html
> git ls-files --stage -- /home/Mdinh5/GroupPro/swe-project2/templates/Static_City.html
> git show --textconv :GroupPro/swe-project2/src/App.js
> git ls-files --stage -- /home/Mdinh5/GroupPro/swe-project2/src/App.js
> git show --textconv :GroupPro/swe-project2/src/weatherIcon.css
> git ls-files --stage -- /home/Mdinh5/GroupPro/swe-project2/src/weatherIcon.css
> git show --textconv :GroupPro/swe-project2/templates/Static_City.html
> git ls-files --stage -- /home/Mdinh5/GroupPro/swe-project2/templates/Static_City.html
> git show --textconv :GroupPro/swe-project2/src/App.js
> git ls-files --stage -- /home/Mdinh5/GroupPro/swe-project2/src/App.js
> git show --textconv :GroupPro/swe-project2/templates/Static_City.html
> git ls-files --stage -- /home/Mdinh5/GroupPro/swe-project2/templates/Static_City.html
> git show --textconv :GroupPro/swe-project2/templates/login.html
> git ls-files --stage -- /home/Mdinh5/GroupPro/swe-project2/templates/login.html
> git show --textconv :GroupPro/swe-project2/templates/Static_City.html
> git ls-files --stage -- /home/Mdinh5/GroupPro/swe-project2/templates/Static_City.html
> git show --textconv :GroupPro/swe-project2/src/App.js
> git ls-files --stage -- /home/Mdinh5/GroupPro/swe-project2/src/App.js
> git show --textconv :GroupPro/swe-project2/templates/Static_City.html
> git ls-files --stage -- /home/Mdinh5/GroupPro/swe-project2/templates/Static_City.html
> git show --textconv :GroupPro/swe-project2/src/App.js
> git ls-files --stage -- /home/Mdinh5/GroupPro/swe-project2/src/App.js
> git show --textconv :GroupPro/swe-project2/templates/Static_City.html
> git ls-files --stage -- /home/Mdinh5/GroupPro/swe-project2/templates/Static_City.html
> git show --textconv :GroupPro/swe-project2/app.py
> git ls-files --stage -- /home/Mdinh5/GroupPro/swe-project2/app.py
> git show --textconv :GroupPro/swe-project2/templates/Static_City.html
> git ls-files --stage -- /home/Mdinh5/GroupPro/swe-project2/templates/Static_City.html
> git show --textconv :GroupPro/swe-project2/templates/login.html
> git ls-files --stage -- /home/Mdinh5/GroupPro/swe-project2/templates/login.html
> git show --textconv :GroupPro/swe-project2/templates/Static_City.html
> git ls-files --stage -- /home/Mdinh5/GroupPro/swe-project2/templates/Static_City.html
> git show --textconv :GroupPro/swe-project2/src/App.js
> git ls-files --stage -- /home/Mdinh5/GroupPro/swe-project2/src/App.js
> git show --textconv :GroupPro/swe-project2/templates/Static_City.html
> git ls-files --stage -- /home/Mdinh5/GroupPro/swe-project2/templates/Static_City.html
> git show --textconv :GroupPro/swe-project2/app.py
> git ls-files --stage -- /home/Mdinh5/GroupPro/swe-project2/app.py
> git show --textconv :GroupPro/swe-project2/templates/Static_City.html
> git ls-files --stage -- /home/Mdinh5/GroupPro/swe-project2/templates/Static_City.html
> git show --textconv :GroupPro/swe-project2/app.py
> git ls-files --stage -- /home/Mdinh5/GroupPro/swe-project2/app.py
> git show --textconv :GroupPro/swe-project2/templates/Static_City.html
> git ls-files --stage -- /home/Mdinh5/GroupPro/swe-project2/templates/Static_City.html
> git show --textconv :GroupPro/swe-project2/src/App.js
> git ls-files --stage -- /home/Mdinh5/GroupPro/swe-project2/src/App.js
> git show --textconv :GroupPro/swe-project2/templates/Static_City.html
> git ls-files --stage -- /home/Mdinh5/GroupPro/swe-project2/templates/Static_City.html
> git show --textconv :GroupPro/swe-project2/src/App.js
> git ls-files --stage -- /home/Mdinh5/GroupPro/swe-project2/src/App.js
> git show --textconv :GroupPro/swe-project2/templates/Static_City.html
> git ls-files --stage -- /home/Mdinh5/GroupPro/swe-project2/templates/Static_City.html
> git show --textconv :GroupPro/swe-project2/app.py
> git ls-files --stage -- /home/Mdinh5/GroupPro/swe-project2/app.py
> git show --textconv :GroupPro/swe-project2/templates/Static_City.html
> git ls-files --stage -- /home/Mdinh5/GroupPro/swe-project2/templates/Static_City.html
> git show --textconv :GroupPro/swe-project2/app.py
> git ls-files --stage -- /home/Mdinh5/GroupPro/swe-project2/app.py
> git show --textconv :GroupPro/swe-project2/src/App.js
> git ls-files --stage -- /home/Mdinh5/GroupPro/swe-project2/src/App.js
> git show --textconv :GroupPro/swe-project2/app.py
> git ls-files --stage -- /home/Mdinh5/GroupPro/swe-project2/app.py
> git show --textconv :GroupPro/swe-project2/templates/Static_City.html
> git ls-files --stage -- /home/Mdinh5/GroupPro/swe-project2/templates/Static_City.html
> git show --textconv :GroupPro/swe-project2/app.py
> git ls-files --stage -- /home/Mdinh5/GroupPro/swe-project2/app.py
> git show --textconv :GroupPro/swe-project2/src/App.js
> git ls-files --stage -- /home/Mdinh5/GroupPro/swe-project2/src/App.js
> git show --textconv :GroupPro/swe-project2/app.py
> git ls-files --stage -- /home/Mdinh5/GroupPro/swe-project2/app.py
> git show --textconv :GroupPro/swe-project2/templates/Static_City.html
> git ls-files --stage -- /home/Mdinh5/GroupPro/swe-project2/templates/Static_City.html
> git show --textconv :GroupPro/swe-project2/app.py
> git ls-files --stage -- /home/Mdinh5/GroupPro/swe-project2/app.py
> git show --textconv :GroupPro/swe-project2/templates/Static_City.html
> git ls-files --stage -- /home/Mdinh5/GroupPro/swe-project2/templates/Static_City.html
> git show --textconv :GroupPro/swe-project2/app.py
> git ls-files --stage -- /home/Mdinh5/GroupPro/swe-project2/app.py
> git show --textconv :GroupPro/swe-project2/py_files/nyt.py
> git ls-files --stage -- /home/Mdinh5/GroupPro/swe-project2/py_files/nyt.py
> git show --textconv :GroupPro/swe-project2/py_files/test.py
> git ls-files --stage -- /home/Mdinh5/GroupPro/swe-project2/py_files/test.py
> git check-ignore -v -z --stdin
> git show --textconv :GroupPro/swe-project2/app.py
> git ls-files --stage -- /home/Mdinh5/GroupPro/swe-project2/app.py
> git show --textconv :GroupPro/swe-project2/py_files/test.py
> git ls-files --stage -- /home/Mdinh5/GroupPro/swe-project2/py_files/test.py
> git show --textconv :GroupPro/swe-project2/py_files/nyt.py
> git ls-files --stage -- /home/Mdinh5/GroupPro/swe-project2/py_files/nyt.py
> git show --textconv :GroupPro/swe-project2/app.py
> git ls-files --stage -- /home/Mdinh5/GroupPro/swe-project2/app.py
> git show --textconv :GroupPro/swe-project2/py_files/test.py
> git ls-files --stage -- /home/Mdinh5/GroupPro/swe-project2/py_files/test.py
> git show --textconv :GroupPro/swe-project2/app.py
> git ls-files --stage -- /home/Mdinh5/GroupPro/swe-project2/app.py
> git show --textconv :GroupPro/swe-project2/py_files/test.py
> git ls-files --stage -- /home/Mdinh5/GroupPro/swe-project2/py_files/test.py
> git show --textconv :GroupPro/swe-project2/app.py
> git ls-files --stage -- /home/Mdinh5/GroupPro/swe-project2/app.py
> git show --textconv :GroupPro/swe-project2/py_files/test.py
> git ls-files --stage -- /home/Mdinh5/GroupPro/swe-project2/py_files/test.py
> git show --textconv :GroupPro/swe-project2/app.py
> git ls-files --stage -- /home/Mdinh5/GroupPro/swe-project2/app.py
> git show --textconv :GroupPro/swe-project2/py_files/nyt.py
> git ls-files --stage -- /home/Mdinh5/GroupPro/swe-project2/py_files/nyt.py
> git show --textconv :GroupPro/swe-project2/templates/Static_City.html
> git ls-files --stage -- /home/Mdinh5/GroupPro/swe-project2/templates/Static_City.html
> git show --textconv :GroupPro/swe-project2/app.py
> git ls-files --stage -- /home/Mdinh5/GroupPro/swe-project2/app.py
> git show --textconv :GroupPro/swe-project2/templates/Static_City.html
> git ls-files --stage -- /home/Mdinh5/GroupPro/swe-project2/templates/Static_City.html
> git show --textconv :GroupPro/swe-project2/app.py
> git ls-files --stage -- /home/Mdinh5/GroupPro/swe-project2/app.py
> git show --textconv :GroupPro/swe-project2/py_files/nyt.py
> git ls-files --stage -- /home/Mdinh5/GroupPro/swe-project2/py_files/nyt.py
> git show --textconv :GroupPro/swe-project2/app.py
> git ls-files --stage -- /home/Mdinh5/GroupPro/swe-project2/app.py
> git show --textconv :GroupPro/swe-project2/templates/Static_City.html
> git ls-files --stage -- /home/Mdinh5/GroupPro/swe-project2/templates/Static_City.html
> git show --textconv :GroupPro/swe-project2/app.py
> git ls-files --stage -- /home/Mdinh5/GroupPro/swe-project2/app.py
> git show --textconv :GroupPro/swe-project2/templates/Static_City.html
> git ls-files --stage -- /home/Mdinh5/GroupPro/swe-project2/templates/Static_City.html
> git show --textconv :GroupPro/swe-project2/app.py
> git ls-files --stage -- /home/Mdinh5/GroupPro/swe-project2/app.py
> git show --textconv :GroupPro/swe-project2/py_files/nyt.py
> git ls-files --stage -- /home/Mdinh5/GroupPro/swe-project2/py_files/nyt.py
> git show --textconv :GroupPro/swe-project2/py_files/test.py
> git ls-files --stage -- /home/Mdinh5/GroupPro/swe-project2/py_files/test.py
> git show --textconv :GroupPro/swe-project2/app.py
> git ls-files --stage -- /home/Mdinh5/GroupPro/swe-project2/app.py
> git show --textconv :GroupPro/swe-project2/py_files/test.py
> git ls-files --stage -- /home/Mdinh5/GroupPro/swe-project2/py_files/test.py
> git show --textconv :GroupPro/swe-project2/app.py
> git ls-files --stage -- /home/Mdinh5/GroupPro/swe-project2/app.py
> git show --textconv :GroupPro/swe-project2/py_files/test.py
> git ls-files --stage -- /home/Mdinh5/GroupPro/swe-project2/py_files/test.py
> git show --textconv :GroupPro/swe-project2/app.py
> git ls-files --stage -- /home/Mdinh5/GroupPro/swe-project2/app.py
> git show --textconv :GroupPro/swe-project2/src/App.js
> git ls-files --stage -- /home/Mdinh5/GroupPro/swe-project2/src/App.js
> git show --textconv :GroupPro/swe-project2/py_files/test.py
> git ls-files --stage -- /home/Mdinh5/GroupPro/swe-project2/py_files/test.py
> git show --textconv :GroupPro/swe-project2/app.py
> git ls-files --stage -- /home/Mdinh5/GroupPro/swe-project2/app.py
> git show --textconv :GroupPro/swe-project2/py_files/test.py
> git ls-files --stage -- /home/Mdinh5/GroupPro/swe-project2/py_files/test.py
> git show --textconv :GroupPro/swe-project2/app.py
> git ls-files --stage -- /home/Mdinh5/GroupPro/swe-project2/app.py
> git show --textconv :GroupPro/swe-project2/templates/Static_City.html
> git ls-files --stage -- /home/Mdinh5/GroupPro/swe-project2/templates/Static_City.html
> git show --textconv :GroupPro/swe-project2/app.py
> git ls-files --stage -- /home/Mdinh5/GroupPro/swe-project2/app.py
> git show --textconv :GroupPro/swe-project2/templates/Static_City.html
> git ls-files --stage -- /home/Mdinh5/GroupPro/swe-project2/templates/Static_City.html
> git show --textconv :GroupPro/swe-project2/app.py
> git ls-files --stage -- /home/Mdinh5/GroupPro/swe-project2/app.py
> git show --textconv :GroupPro/swe-project2/templates/Static_City.html
> git ls-files --stage -- /home/Mdinh5/GroupPro/swe-project2/templates/Static_City.html
> git show --textconv :GroupPro/swe-project2/app.py
> git ls-files --stage -- /home/Mdinh5/GroupPro/swe-project2/app.py
> git show --textconv :GroupPro/swe-project2/py_files/test.py
> git ls-files --stage -- /home/Mdinh5/GroupPro/swe-project2/py_files/test.py
> git show --textconv :GroupPro/swe-project2/app.py
> git ls-files --stage -- /home/Mdinh5/GroupPro/swe-project2/app.py
> git show --textconv :GroupPro/swe-project2/templates/Static_City.html
> git ls-files --stage -- /home/Mdinh5/GroupPro/swe-project2/templates/Static_City.html
> git show --textconv :GroupPro/swe-project2/app.py
> git ls-files --stage -- /home/Mdinh5/GroupPro/swe-project2/app.py
> git show --textconv :GroupPro/swe-project2/py_files/test.py
> git ls-files --stage -- /home/Mdinh5/GroupPro/swe-project2/py_files/test.py
> git show --textconv :GroupPro/swe-project2/templates/Static_City.html
> git ls-files --stage -- /home/Mdinh5/GroupPro/swe-project2/templates/Static_City.html
> git show --textconv :GroupPro/swe-project2/py_files/test.py
> git ls-files --stage -- /home/Mdinh5/GroupPro/swe-project2/py_files/test.py
