0 info it worked if it ends with ok
1 verbose cli [ '/usr/bin/node', '/usr/bin/npm', 'run', 'build' ]
2 info using npm@6.14.4
3 info using node@v10.19.0
4 verbose run-script [ 'prebuild', 'build', 'postbuild' ]
5 info lifecycle @~prebuild: @
6 info lifecycle @~build: @
7 verbose lifecycle @~build: unsafe-perm in lifecycle true
8 verbose lifecycle @~build: PATH: /usr/share/npm/node_modules/npm-lifecycle/node-gyp-bin:/home/Mdinh5/Milestone3/node_modules/.bin:/home/Mdinh5/.vscode-server/bin/6cba118ac49a1b88332f312a8f67186f7f3c1643/bin:/home/Mdinh5/.local/bin:/home/Mdinh5/.vscode-server/bin/6cba118ac49a1b88332f312a8f67186f7f3c1643/bin:/usr/local/sbin:/usr/local/bin:/usr/sbin:/usr/bin:/sbin:/bin:/usr/games:/usr/local/games:/snap/bin
9 verbose lifecycle @~build: CWD: /home/Mdinh5/Milestone3
10 silly lifecycle @~build: Args: [ '-c', 'react-scripts build' ]
11 silly lifecycle @~build: Returned: code: 1  signal: null
12 info lifecycle @~build: Failed to exec build script
13 verbose stack Error: @ build: `react-scripts build`
13 verbose stack Exit status 1
13 verbose stack     at EventEmitter.<anonymous> (/usr/share/npm/node_modules/npm-lifecycle/index.js:332:16)
13 verbose stack     at EventEmitter.emit (events.js:198:13)
13 verbose stack     at ChildProcess.<anonymous> (/usr/share/npm/node_modules/npm-lifecycle/lib/spawn.js:55:14)
13 verbose stack     at ChildProcess.emit (events.js:198:13)
13 verbose stack     at maybeClose (internal/child_process.js:982:16)
13 verbose stack     at Process.ChildProcess._handle.onexit (internal/child_process.js:259:5)
14 verbose pkgid @
15 verbose cwd /home/Mdinh5/Milestone3
16 verbose Linux 5.8.0-1041-azure
17 verbose argv "/usr/bin/node" "/usr/bin/npm" "run" "build"
18 verbose node v10.19.0
19 verbose npm  v6.14.4
20 error code ELIFECYCLE
21 error errno 1
22 error @ build: `react-scripts build`
22 error Exit status 1
23 error Failed at the @ build script.
23 error This is probably not a problem with npm. There is likely additional logging output above.
24 verbose exit [ 1, true ]
