0 info it worked if it ends with ok
1 verbose cli [ '/usr/bin/node', '/usr/bin/npm', 'run', 'build' ]
2 info using npm@6.14.4
3 info using node@v10.19.0
4 verbose run-script [ 'prebuild', 'build', 'postbuild' ]
5 info lifecycle @~prebuild: @
6 info lifecycle @~build: @
7 verbose lifecycle @~build: unsafe-perm in lifecycle true
8 verbose lifecycle @~build: PATH: /usr/share/npm/node_modules/npm-lifecycle/node-gyp-bin:/home/Mdinh5/GroupPro/swe-project2/node_modules/.bin:/home/Mdinh5/.vscode-server/bin/f4af3cbf5a99787542e2a30fe1fd37cd644cc31f/bin:/home/Mdinh5/.vscode-server/bin/f4af3cbf5a99787542e2a30fe1fd37cd644cc31f/bin:/usr/local/sbin:/usr/local/bin:/usr/sbin:/usr/bin:/sbin:/bin:/usr/games:/usr/local/games:/snap/bin
9 verbose lifecycle @~build: CWD: /home/Mdinh5/GroupPro/swe-project2
10 silly lifecycle @~build: Args: [ '-c', 'react-scripts build' ]
11 info lifecycle @~build: Failed to exec build script
12 verbose stack Error: @ build: `react-scripts build`
12 verbose stack spawn ENOENT
12 verbose stack     at ChildProcess.<anonymous> (/usr/share/npm/node_modules/npm-lifecycle/lib/spawn.js:48:18)
12 verbose stack     at ChildProcess.emit (events.js:198:13)
12 verbose stack     at maybeClose (internal/child_process.js:982:16)
12 verbose stack     at Process.ChildProcess._handle.onexit (internal/child_process.js:259:5)
13 verbose pkgid @
14 verbose cwd /home/Mdinh5/GroupPro/swe-project2
15 verbose Linux 5.11.0-1020-azure
16 verbose argv "/usr/bin/node" "/usr/bin/npm" "run" "build"
17 verbose node v10.19.0
18 verbose npm  v6.14.4
19 error code ELIFECYCLE
20 error syscall spawn
21 error file sh
22 error errno ENOENT
23 error @ build: `react-scripts build`
23 error spawn ENOENT
24 error Failed at the @ build script.
24 error This is probably not a problem with npm. There is likely additional logging output above.
25 verbose exit [ 1, true ]
