Info 2021-11-29 18:13:42: Experimentation service retrieved: [object Object]
User belongs to experiment group 'jupyterTest'
User belongs to experiment group 'jupyterEnhancedDataViewer'
Info 2021-11-29 18:13:42: ZMQ install verified.
Info 2021-11-29 18:13:44: Experiment status for python is {"enabled":true,"optInto":[],"optOutFrom":[]}
Info 2021-11-29 18:13:45: Process Execution: > /bin/python3 -m pip list
> /bin/python3 -m pip list
Info 2021-11-29 18:13:45: Process Execution: > /bin/python3 -m pip list
> /bin/python3 -m pip list
Info 2021-11-29 18:13:45: Process Execution: > /bin/python3 -c "import jupyter"
> /bin/python3 -c "import jupyter"
Info 2021-11-29 18:13:45: Process Execution: > /bin/python3 -c "import jupyter"
> /bin/python3 -c "import jupyter"
Info 2021-11-29 18:13:45: Process Execution: > /bin/python3 -c "import notebook"
> /bin/python3 -c "import notebook"
Info 2021-11-29 18:13:45: Process Execution: > /bin/python3 -c "import notebook"
> /bin/python3 -c "import notebook"
Info 2021-11-29 18:42:01: Shutting down notebooks for 6f0e96de-b657-4613-8b3b-d3814fdfdfa1
Info 2021-11-29 18:42:01: Disposing HostJupyterExecution 3542254f-cdb2-4298-a1dd-af4879c5ac21
Info 2021-11-29 18:42:01: Disposing super HostJupyterExecution 3542254f-cdb2-4298-a1dd-af4879c5ac21
Info 2021-11-29 18:42:01: Disposing HostJupyterExecution 3542254f-cdb2-4298-a1dd-af4879c5ac21
Info 2021-11-29 18:42:01: Finished disposing HostJupyterExecution  3542254f-cdb2-4298-a1dd-af4879c5ac21
Info 2021-11-29 18:42:01: Cleaning up server cache 3542254f-cdb2-4298-a1dd-af4879c5ac21
Info 2021-11-29 18:42:01: Finished disposing HostJupyterExecution  3542254f-cdb2-4298-a1dd-af4879c5ac21
