Info 2021-11-26 18:35:57: Experimentation service retrieved: [object Object]
User belongs to experiment group 'jupyterTest'
User belongs to experiment group 'jupyterEnhancedDataViewer'
Info 2021-11-26 18:35:57: ZMQ install verified.
Info 2021-11-26 18:36:02: Experiment status for python is {"enabled":true,"optInto":[],"optOutFrom":[]}
Info 2021-11-26 18:36:05: Process Execution: > /bin/python3 -m pip list
> /bin/python3 -m pip list
Info 2021-11-26 18:36:05: Process Execution: > /bin/python3 -m pip list
> /bin/python3 -m pip list
Info 2021-11-26 18:36:05: Process Execution: > /bin/python3 -c "import jupyter"
> /bin/python3 -c "import jupyter"
Info 2021-11-26 18:36:05: Process Execution: > /bin/python3 -c "import jupyter"
> /bin/python3 -c "import jupyter"
Info 2021-11-26 18:36:05: Process Execution: > /bin/python3 -c "import notebook"
> /bin/python3 -c "import notebook"
Info 2021-11-26 18:36:05: Process Execution: > /bin/python3 -c "import notebook"
> /bin/python3 -c "import notebook"
Info 2021-11-26 19:51:59: Shutting down notebooks for cec7ad28-f16f-4444-84bd-0f7f8af597e8
Info 2021-11-26 19:51:59: Disposing HostJupyterExecution cbe47cdf-03c6-4dea-880b-2d4954c445e5
Info 2021-11-26 19:51:59: Disposing super HostJupyterExecution cbe47cdf-03c6-4dea-880b-2d4954c445e5
Info 2021-11-26 19:51:59: Disposing HostJupyterExecution cbe47cdf-03c6-4dea-880b-2d4954c445e5
Info 2021-11-26 19:51:59: Finished disposing HostJupyterExecution  cbe47cdf-03c6-4dea-880b-2d4954c445e5
Info 2021-11-26 19:51:59: Cleaning up server cache cbe47cdf-03c6-4dea-880b-2d4954c445e5
Info 2021-11-26 19:51:59: Finished disposing HostJupyterExecution  cbe47cdf-03c6-4dea-880b-2d4954c445e5
