Info 2021-11-27 01:44:42: Experimentation service retrieved: [object Object]
User belongs to experiment group 'jupyterTest'
User belongs to experiment group 'jupyterEnhancedDataViewer'
Info 2021-11-27 01:44:42: ZMQ install verified.
Info 2021-11-27 01:44:43: Experiment status for python is {"enabled":true,"optInto":[],"optOutFrom":[]}
Info 2021-11-27 01:44:43: Process Execution: > /bin/python3 -m pip list
> /bin/python3 -m pip list
Info 2021-11-27 01:44:43: Process Execution: > /bin/python3 -m pip list
> /bin/python3 -m pip list
Info 2021-11-27 01:44:43: Process Execution: > /bin/python3 -c "import jupyter"
> /bin/python3 -c "import jupyter"
Info 2021-11-27 01:44:43: Process Execution: > /bin/python3 -c "import jupyter"
> /bin/python3 -c "import jupyter"
Info 2021-11-27 01:44:43: Process Execution: > /bin/python3 -c "import notebook"
> /bin/python3 -c "import notebook"
Info 2021-11-27 01:44:43: Process Execution: > /bin/python3 -c "import notebook"
> /bin/python3 -c "import notebook"
Info 2021-11-27 03:29:15: Shutting down notebooks for 06219bed-41a4-434c-ac11-6ab8e13d5900
Info 2021-11-27 03:29:15: Disposing HostJupyterExecution 9db1d64b-6e2c-4f1d-a0ac-564fedab7f38
Info 2021-11-27 03:29:15: Disposing super HostJupyterExecution 9db1d64b-6e2c-4f1d-a0ac-564fedab7f38
Info 2021-11-27 03:29:15: Disposing HostJupyterExecution 9db1d64b-6e2c-4f1d-a0ac-564fedab7f38
Info 2021-11-27 03:29:15: Finished disposing HostJupyterExecution  9db1d64b-6e2c-4f1d-a0ac-564fedab7f38
Info 2021-11-27 03:29:15: Cleaning up server cache 9db1d64b-6e2c-4f1d-a0ac-564fedab7f38
Info 2021-11-27 03:29:15: Finished disposing HostJupyterExecution  9db1d64b-6e2c-4f1d-a0ac-564fedab7f38
