[2021-11-27 00:51:17.717] [exthost] [info] Extension host with pid 53816 started
[2021-11-27 00:51:17.738] [exthost] [info] Lock '/home/Mdinh5/.vscode-server/data/User/workspaceStorage/e4fa6b216f3021d2c5520ad339417fc5/vscode.lock': Lock acquired.
[2021-11-27 00:51:17.900] [exthost] [info] ExtensionService#_doActivateExtension vscode.emmet, startup: false, activationEvent: 'onLanguage:html'
[2021-11-27 00:51:17.936] [exthost] [info] ExtensionService#_doActivateExtension vscode.html-language-features, startup: false, activationEvent: 'onLanguage:html'
[2021-11-27 00:51:18.022] [exthost] [info] ExtensionService#_doActivateExtension vscode.debug-auto-launch, startup: true, activationEvent: '*'
[2021-11-27 00:51:18.028] [exthost] [info] ExtensionService#_doActivateExtension vscode.git, startup: true, activationEvent: '*', root cause: vscode.github
[2021-11-27 00:51:18.952] [exthost] [info] ExtensionService#_doActivateExtension vscode.github, startup: true, activationEvent: '*'
[2021-11-27 00:51:19.239] [exthost] [info] ExtensionService#_doActivateExtension vscode.merge-conflict, startup: false, activationEvent: 'onStartupFinished'
[2021-11-27 00:51:19.254] [exthost] [info] Eager extensions activated
[2021-11-27 00:51:19.867] [exthost] [error] {"message":"Git error","stdout":"","stderr":"fatal: Pathspec '/home/Mdinh5/GroupPro/swe-project2/app.py' is in submodule 'GroupPro/swe-project2'\n","exitCode":128,"gitErrorCode":"IsInSubmodule"}
[2021-11-27 00:51:19.867] [exthost] [error] {"message":"Git error","stdout":"","stderr":"fatal: Pathspec '/home/Mdinh5/GroupPro/swe-project2/app.py' is in submodule 'GroupPro/swe-project2'\n","exitCode":128,"gitErrorCode":"IsInSubmodule"}
[2021-11-27 00:51:19.867] [exthost] [error] {"message":"Git error","stdout":"","stderr":"fatal: Pathspec '/home/Mdinh5/GroupPro/swe-project2/app.py' is in submodule 'GroupPro/swe-project2'\n","exitCode":128,"gitErrorCode":"IsInSubmodule"}
[2021-11-27 00:51:19.867] [exthost] [error] {"message":"Git error","stdout":"","stderr":"fatal: Pathspec '/home/Mdinh5/GroupPro/swe-project2/app.py' is in submodule 'GroupPro/swe-project2'\n","exitCode":128,"gitErrorCode":"IsInSubmodule"}
[2021-11-27 00:51:19.867] [exthost] [error] {"message":"Git error","stdout":"","stderr":"fatal: Pathspec '/home/Mdinh5/GroupPro/swe-project2/app.py' is in submodule 'GroupPro/swe-project2'\n","exitCode":128,"gitErrorCode":"IsInSubmodule"}
[2021-11-27 00:51:19.867] [exthost] [error] {"message":"Git error","stdout":"","stderr":"fatal: Pathspec '/home/Mdinh5/GroupPro/swe-project2/app.py' is in submodule 'GroupPro/swe-project2'\n","exitCode":128,"gitErrorCode":"IsInSubmodule"}
[2021-11-27 00:51:19.867] [exthost] [error] {"message":"Git error","stdout":"","stderr":"fatal: Pathspec '/home/Mdinh5/GroupPro/swe-project2/app.py' is in submodule 'GroupPro/swe-project2'\n","exitCode":128,"gitErrorCode":"IsInSubmodule"}
[2021-11-27 00:51:19.867] [exthost] [error] {"message":"Git error","stdout":"","stderr":"fatal: Pathspec '/home/Mdinh5/GroupPro/swe-project2/app.py' is in submodule 'GroupPro/swe-project2'\n","exitCode":128,"gitErrorCode":"IsInSubmodule"}
[2021-11-27 00:51:19.867] [exthost] [error] {"message":"Git error","stdout":"","stderr":"fatal: Pathspec '/home/Mdinh5/GroupPro/swe-project2/app.py' is in submodule 'GroupPro/swe-project2'\n","exitCode":128,"gitErrorCode":"IsInSubmodule"}
[2021-11-27 00:51:19.867] [exthost] [error] {"message":"Git error","stdout":"","stderr":"fatal: Pathspec '/home/Mdinh5/GroupPro/swe-project2/app.py' is in submodule 'GroupPro/swe-project2'\n","exitCode":128,"gitErrorCode":"IsInSubmodule"}
[2021-11-27 00:51:19.867] [exthost] [error] {"message":"Git error","stdout":"","stderr":"fatal: Pathspec '/home/Mdinh5/GroupPro/swe-project2/app.py' is in submodule 'GroupPro/swe-project2'\n","exitCode":128,"gitErrorCode":"IsInSubmodule"}
[2021-11-27 00:51:19.867] [exthost] [error] {"message":"Git error","stdout":"","stderr":"fatal: Pathspec '/home/Mdinh5/GroupPro/swe-project2/app.py' is in submodule 'GroupPro/swe-project2'\n","exitCode":128,"gitErrorCode":"IsInSubmodule"}
[2021-11-27 00:51:19.867] [exthost] [error] {"message":"Git error","stdout":"","stderr":"fatal: Pathspec '/home/Mdinh5/GroupPro/swe-project2/app.py' is in submodule 'GroupPro/swe-project2'\n","exitCode":128,"gitErrorCode":"IsInSubmodule"}
[2021-11-27 00:51:19.867] [exthost] [error] {"message":"Git error","stdout":"","stderr":"fatal: Pathspec '/home/Mdinh5/GroupPro/swe-project2/app.py' is in submodule 'GroupPro/swe-project2'\n","exitCode":128,"gitErrorCode":"IsInSubmodule"}
[2021-11-27 00:51:19.867] [exthost] [error] {"message":"Git error","stdout":"","stderr":"fatal: Pathspec '/home/Mdinh5/GroupPro/swe-project2/app.py' is in submodule 'GroupPro/swe-project2'\n","exitCode":128,"gitErrorCode":"IsInSubmodule"}
[2021-11-27 00:51:19.867] [exthost] [error] {"message":"Git error","stdout":"","stderr":"fatal: Pathspec '/home/Mdinh5/GroupPro/swe-project2/app.py' is in submodule 'GroupPro/swe-project2'\n","exitCode":128,"gitErrorCode":"IsInSubmodule"}
[2021-11-27 00:51:19.867] [exthost] [error] {"message":"Git error","stdout":"","stderr":"fatal: Pathspec '/home/Mdinh5/GroupPro/swe-project2/app.py' is in submodule 'GroupPro/swe-project2'\n","exitCode":128,"gitErrorCode":"IsInSubmodule"}
[2021-11-27 00:51:19.867] [exthost] [error] {"message":"Git error","stdout":"","stderr":"fatal: Pathspec '/home/Mdinh5/GroupPro/swe-project2/app.py' is in submodule 'GroupPro/swe-project2'\n","exitCode":128,"gitErrorCode":"IsInSubmodule"}
[2021-11-27 00:51:19.867] [exthost] [error] {"message":"Git error","stdout":"","stderr":"fatal: Pathspec '/home/Mdinh5/GroupPro/swe-project2/app.py' is in submodule 'GroupPro/swe-project2'\n","exitCode":128,"gitErrorCode":"IsInSubmodule"}
[2021-11-27 00:51:19.867] [exthost] [error] {"message":"Git error","stdout":"","stderr":"fatal: Pathspec '/home/Mdinh5/GroupPro/swe-project2/app.py' is in submodule 'GroupPro/swe-project2'\n","exitCode":128,"gitErrorCode":"IsInSubmodule"}
[2021-11-27 00:51:19.867] [exthost] [error] {"message":"Git error","stdout":"","stderr":"fatal: Pathspec '/home/Mdinh5/GroupPro/swe-project2/app.py' is in submodule 'GroupPro/swe-project2'\n","exitCode":128,"gitErrorCode":"IsInSubmodule"}
[2021-11-27 00:51:19.867] [exthost] [error] {"message":"Git error","stdout":"","stderr":"fatal: Pathspec '/home/Mdinh5/GroupPro/swe-project2/app.py' is in submodule 'GroupPro/swe-project2'\n","exitCode":128,"gitErrorCode":"IsInSubmodule"}
[2021-11-27 00:51:19.867] [exthost] [error] {"message":"Git error","stdout":"","stderr":"fatal: Pathspec '/home/Mdinh5/GroupPro/swe-project2/app.py' is in submodule 'GroupPro/swe-project2'\n","exitCode":128,"gitErrorCode":"IsInSubmodule"}
[2021-11-27 00:51:19.867] [exthost] [error] {"message":"Git error","stdout":"","stderr":"fatal: Pathspec '/home/Mdinh5/GroupPro/swe-project2/app.py' is in submodule 'GroupPro/swe-project2'\n","exitCode":128,"gitErrorCode":"IsInSubmodule"}
[2021-11-27 00:51:19.867] [exthost] [error] {"message":"Git error","stdout":"","stderr":"fatal: Pathspec '/home/Mdinh5/GroupPro/swe-project2/app.py' is in submodule 'GroupPro/swe-project2'\n","exitCode":128,"gitErrorCode":"IsInSubmodule"}
[2021-11-27 00:51:19.867] [exthost] [error] {"message":"Git error","stdout":"","stderr":"fatal: Pathspec '/home/Mdinh5/GroupPro/swe-project2/app.py' is in submodule 'GroupPro/swe-project2'\n","exitCode":128,"gitErrorCode":"IsInSubmodule"}
[2021-11-27 00:51:19.867] [exthost] [error] {"message":"Git error","stdout":"","stderr":"fatal: Pathspec '/home/Mdinh5/GroupPro/swe-project2/app.py' is in submodule 'GroupPro/swe-project2'\n","exitCode":128,"gitErrorCode":"IsInSubmodule"}
[2021-11-27 00:51:19.867] [exthost] [error] {"message":"Git error","stdout":"","stderr":"fatal: Pathspec '/home/Mdinh5/GroupPro/swe-project2/app.py' is in submodule 'GroupPro/swe-project2'\n","exitCode":128,"gitErrorCode":"IsInSubmodule"}
[2021-11-27 00:51:19.867] [exthost] [error] {"message":"Git error","stdout":"","stderr":"fatal: Pathspec '/home/Mdinh5/GroupPro/swe-project2/app.py' is in submodule 'GroupPro/swe-project2'\n","exitCode":128,"gitErrorCode":"IsInSubmodule"}
[2021-11-27 00:51:19.867] [exthost] [error] {"message":"Git error","stdout":"","stderr":"fatal: Pathspec '/home/Mdinh5/GroupPro/swe-project2/app.py' is in submodule 'GroupPro/swe-project2'\n","exitCode":128,"gitErrorCode":"IsInSubmodule"}
[2021-11-27 00:51:19.867] [exthost] [error] {"message":"Git error","stdout":"","stderr":"fatal: Pathspec '/home/Mdinh5/GroupPro/swe-project2/app.py' is in submodule 'GroupPro/swe-project2'\n","exitCode":128,"gitErrorCode":"IsInSubmodule"}
[2021-11-27 00:51:19.867] [exthost] [error] {"message":"Git error","stdout":"","stderr":"fatal: Pathspec '/home/Mdinh5/GroupPro/swe-project2/app.py' is in submodule 'GroupPro/swe-project2'\n","exitCode":128,"gitErrorCode":"IsInSubmodule"}
[2021-11-27 00:51:19.867] [exthost] [error] {"message":"Git error","stdout":"","stderr":"fatal: Pathspec '/home/Mdinh5/GroupPro/swe-project2/app.py' is in submodule 'GroupPro/swe-project2'\n","exitCode":128,"gitErrorCode":"IsInSubmodule"}
[2021-11-27 00:51:19.867] [exthost] [error] {"message":"Git error","stdout":"","stderr":"fatal: Pathspec '/home/Mdinh5/GroupPro/swe-project2/app.py' is in submodule 'GroupPro/swe-project2'\n","exitCode":128,"gitErrorCode":"IsInSubmodule"}
[2021-11-27 00:51:19.867] [exthost] [error] {"message":"Git error","stdout":"","stderr":"fatal: Pathspec '/home/Mdinh5/GroupPro/swe-project2/app.py' is in submodule 'GroupPro/swe-project2'\n","exitCode":128,"gitErrorCode":"IsInSubmodule"}
[2021-11-27 00:51:19.867] [exthost] [error] {"message":"Git error","stdout":"","stderr":"fatal: Pathspec '/home/Mdinh5/GroupPro/swe-project2/app.py' is in submodule 'GroupPro/swe-project2'\n","exitCode":128,"gitErrorCode":"IsInSubmodule"}
[2021-11-27 00:51:19.867] [exthost] [error] {"message":"Git error","stdout":"","stderr":"fatal: Pathspec '/home/Mdinh5/GroupPro/swe-project2/app.py' is in submodule 'GroupPro/swe-project2'\n","exitCode":128,"gitErrorCode":"IsInSubmodule"}
[2021-11-27 00:51:19.867] [exthost] [error] {"message":"Git error","stdout":"","stderr":"fatal: Pathspec '/home/Mdinh5/GroupPro/swe-project2/app.py' is in submodule 'GroupPro/swe-project2'\n","exitCode":128,"gitErrorCode":"IsInSubmodule"}
[2021-11-27 00:51:19.867] [exthost] [error] {"message":"Git error","stdout":"","stderr":"fatal: Pathspec '/home/Mdinh5/GroupPro/swe-project2/app.py' is in submodule 'GroupPro/swe-project2'\n","exitCode":128,"gitErrorCode":"IsInSubmodule"}
[2021-11-27 00:51:19.867] [exthost] [error] {"message":"Git error","stdout":"","stderr":"fatal: Pathspec '/home/Mdinh5/GroupPro/swe-project2/app.py' is in submodule 'GroupPro/swe-project2'\n","exitCode":128,"gitErrorCode":"IsInSubmodule"}
[2021-11-27 00:51:19.867] [exthost] [error] {"message":"Git error","stdout":"","stderr":"fatal: Pathspec '/home/Mdinh5/GroupPro/swe-project2/app.py' is in submodule 'GroupPro/swe-project2'\n","exitCode":128,"gitErrorCode":"IsInSubmodule"}
[2021-11-27 00:51:19.867] [exthost] [error] {"message":"Git error","stdout":"","stderr":"fatal: Pathspec '/home/Mdinh5/GroupPro/swe-project2/app.py' is in submodule 'GroupPro/swe-project2'\n","exitCode":128,"gitErrorCode":"IsInSubmodule"}
[2021-11-27 00:51:19.867] [exthost] [error] {"message":"Git error","stdout":"","stderr":"fatal: Pathspec '/home/Mdinh5/GroupPro/swe-project2/app.py' is in submodule 'GroupPro/swe-project2'\n","exitCode":128,"gitErrorCode":"IsInSubmodule"}
[2021-11-27 00:51:19.867] [exthost] [error] {"message":"Git error","stdout":"","stderr":"fatal: Pathspec '/home/Mdinh5/GroupPro/swe-project2/app.py' is in submodule 'GroupPro/swe-project2'\n","exitCode":128,"gitErrorCode":"IsInSubmodule"}
[2021-11-27 00:51:19.867] [exthost] [error] {"message":"Git error","stdout":"","stderr":"fatal: Pathspec '/home/Mdinh5/GroupPro/swe-project2/app.py' is in submodule 'GroupPro/swe-project2'\n","exitCode":128,"gitErrorCode":"IsInSubmodule"}
[2021-11-27 00:51:19.867] [exthost] [error] {"message":"Git error","stdout":"","stderr":"fatal: Pathspec '/home/Mdinh5/GroupPro/swe-project2/app.py' is in submodule 'GroupPro/swe-project2'\n","exitCode":128,"gitErrorCode":"IsInSubmodule"}
[2021-11-27 00:51:19.867] [exthost] [error] {"message":"Git error","stdout":"","stderr":"fatal: Pathspec '/home/Mdinh5/GroupPro/swe-project2/app.py' is in submodule 'GroupPro/swe-project2'\n","exitCode":128,"gitErrorCode":"IsInSubmodule"}
[2021-11-27 00:51:19.867] [exthost] [error] {"message":"Git error","stdout":"","stderr":"fatal: Pathspec '/home/Mdinh5/GroupPro/swe-project2/app.py' is in submodule 'GroupPro/swe-project2'\n","exitCode":128,"gitErrorCode":"IsInSubmodule"}
[2021-11-27 00:51:19.867] [exthost] [error] {"message":"Git error","stdout":"","stderr":"fatal: Pathspec '/home/Mdinh5/GroupPro/swe-project2/app.py' is in submodule 'GroupPro/swe-project2'\n","exitCode":128,"gitErrorCode":"IsInSubmodule"}
[2021-11-27 00:51:19.867] [exthost] [error] {"message":"Git error","stdout":"","stderr":"fatal: Pathspec '/home/Mdinh5/GroupPro/swe-project2/app.py' is in submodule 'GroupPro/swe-project2'\n","exitCode":128,"gitErrorCode":"IsInSubmodule"}
[2021-11-27 00:51:19.867] [exthost] [error] {"message":"Git error","stdout":"","stderr":"fatal: Pathspec '/home/Mdinh5/GroupPro/swe-project2/app.py' is in submodule 'GroupPro/swe-project2'\n","exitCode":128,"gitErrorCode":"IsInSubmodule"}
[2021-11-27 00:51:19.867] [exthost] [error] {"message":"Git error","stdout":"","stderr":"fatal: Pathspec '/home/Mdinh5/GroupPro/swe-project2/app.py' is in submodule 'GroupPro/swe-project2'\n","exitCode":128,"gitErrorCode":"IsInSubmodule"}
[2021-11-27 00:51:19.867] [exthost] [error] {"message":"Git error","stdout":"","stderr":"fatal: Pathspec '/home/Mdinh5/GroupPro/swe-project2/app.py' is in submodule 'GroupPro/swe-project2'\n","exitCode":128,"gitErrorCode":"IsInSubmodule"}
[2021-11-27 00:51:19.867] [exthost] [error] {"message":"Git error","stdout":"","stderr":"fatal: Pathspec '/home/Mdinh5/GroupPro/swe-project2/app.py' is in submodule 'GroupPro/swe-project2'\n","exitCode":128,"gitErrorCode":"IsInSubmodule"}
[2021-11-27 00:51:19.867] [exthost] [error] {"message":"Git error","stdout":"","stderr":"fatal: Pathspec '/home/Mdinh5/GroupPro/swe-project2/app.py' is in submodule 'GroupPro/swe-project2'\n","exitCode":128,"gitErrorCode":"IsInSubmodule"}
[2021-11-27 00:51:19.867] [exthost] [error] {"message":"Git error","stdout":"","stderr":"fatal: Pathspec '/home/Mdinh5/GroupPro/swe-project2/app.py' is in submodule 'GroupPro/swe-project2'\n","exitCode":128,"gitErrorCode":"IsInSubmodule"}
[2021-11-27 00:51:19.867] [exthost] [error] {"message":"Git error","stdout":"","stderr":"fatal: Pathspec '/home/Mdinh5/GroupPro/swe-project2/app.py' is in submodule 'GroupPro/swe-project2'\n","exitCode":128,"gitErrorCode":"IsInSubmodule"}
[2021-11-27 00:51:19.867] [exthost] [error] {"message":"Git error","stdout":"","stderr":"fatal: Pathspec '/home/Mdinh5/GroupPro/swe-project2/app.py' is in submodule 'GroupPro/swe-project2'\n","exitCode":128,"gitErrorCode":"IsInSubmodule"}
[2021-11-27 00:51:19.867] [exthost] [error] {"message":"Git error","stdout":"","stderr":"fatal: Pathspec '/home/Mdinh5/GroupPro/swe-project2/app.py' is in submodule 'GroupPro/swe-project2'\n","exitCode":128,"gitErrorCode":"IsInSubmodule"}
[2021-11-27 00:51:19.867] [exthost] [error] {"message":"Git error","stdout":"","stderr":"fatal: Pathspec '/home/Mdinh5/GroupPro/swe-project2/app.py' is in submodule 'GroupPro/swe-project2'\n","exitCode":128,"gitErrorCode":"IsInSubmodule"}
[2021-11-27 00:51:19.867] [exthost] [error] {"message":"Git error","stdout":"","stderr":"fatal: Pathspec '/home/Mdinh5/GroupPro/swe-project2/app.py' is in submodule 'GroupPro/swe-project2'\n","exitCode":128,"gitErrorCode":"IsInSubmodule"}
[2021-11-27 00:51:19.867] [exthost] [error] {"message":"Git error","stdout":"","stderr":"fatal: Pathspec '/home/Mdinh5/GroupPro/swe-project2/app.py' is in submodule 'GroupPro/swe-project2'\n","exitCode":128,"gitErrorCode":"IsInSubmodule"}
[2021-11-27 00:51:19.867] [exthost] [error] {"message":"Git error","stdout":"","stderr":"fatal: Pathspec '/home/Mdinh5/GroupPro/swe-project2/app.py' is in submodule 'GroupPro/swe-project2'\n","exitCode":128,"gitErrorCode":"IsInSubmodule"}
[2021-11-27 00:51:19.867] [exthost] [error] {"message":"Git error","stdout":"","stderr":"fatal: Pathspec '/home/Mdinh5/GroupPro/swe-project2/app.py' is in submodule 'GroupPro/swe-project2'\n","exitCode":128,"gitErrorCode":"IsInSubmodule"}
[2021-11-27 00:51:19.867] [exthost] [error] {"message":"Git error","stdout":"","stderr":"fatal: Pathspec '/home/Mdinh5/GroupPro/swe-project2/app.py' is in submodule 'GroupPro/swe-project2'\n","exitCode":128,"gitErrorCode":"IsInSubmodule"}
[2021-11-27 00:51:19.867] [exthost] [error] {"message":"Git error","stdout":"","stderr":"fatal: Pathspec '/home/Mdinh5/GroupPro/swe-project2/app.py' is in submodule 'GroupPro/swe-project2'\n","exitCode":128,"gitErrorCode":"IsInSubmodule"}
[2021-11-27 00:51:19.867] [exthost] [error] {"message":"Git error","stdout":"","stderr":"fatal: Pathspec '/home/Mdinh5/GroupPro/swe-project2/app.py' is in submodule 'GroupPro/swe-project2'\n","exitCode":128,"gitErrorCode":"IsInSubmodule"}
[2021-11-27 00:51:19.867] [exthost] [error] {"message":"Git error","stdout":"","stderr":"fatal: Pathspec '/home/Mdinh5/GroupPro/swe-project2/app.py' is in submodule 'GroupPro/swe-project2'\n","exitCode":128,"gitErrorCode":"IsInSubmodule"}
[2021-11-27 00:51:34.760] [exthost] [info] ExtensionService#_doActivateExtension ms-python.python, startup: false, activationEvent: 'onLanguage:python', root cause: ms-python.vscode-pylance
[2021-11-27 00:51:35.003] [exthost] [info] ExtensionService#_doActivateExtension ms-toolsai.jupyter, startup: false, activationEvent: 'onLanguage:python'
[2021-11-27 00:51:35.741] [exthost] [info] ExtensionService#_doActivateExtension ms-toolsai.jupyter-renderers, startup: false, activationEvent: 'api', root cause: ms-toolsai.jupyter
[2021-11-27 00:51:35.974] [exthost] [info] ExtensionService#_doActivateExtension ms-python.vscode-pylance, startup: false, activationEvent: 'onLanguage:python'
[2021-11-27 00:52:41.017] [exthost] [error] [ms-python.python] provider FAILED
[2021-11-27 00:52:41.017] [exthost] [error] Canceled: Canceled
	at S.makeCancelError (/home/Mdinh5/.vscode-server/extensions/ms-python.python-2021.11.1422169775/out/client/extension.js:9:151015)
	at S.handleFailedRequest (/home/Mdinh5/.vscode-server/extensions/ms-python.python-2021.11.1422169775/out/client/extension.js:9:150866)
	at /home/Mdinh5/.vscode-server/extensions/ms-python.python-2021.11.1422169775/out/client/extension.js:9:111208
	at async d.provideHover (/home/Mdinh5/.vscode-server/bin/ccbaa2d27e38e5afa3e5c21c1c7bef4657064247/out/vs/server/remoteExtensionHostProcess.js:94:170516)
[2021-11-27 00:59:18.263] [exthost] [info] extension host terminating: received terminate message from renderer
[2021-11-27 00:59:18.264] [exthost] [info] Lock '/home/Mdinh5/.vscode-server/data/User/workspaceStorage/e4fa6b216f3021d2c5520ad339417fc5/vscode.lock': Marking the lockfile as scheduled to be released in 6000 ms.
[2021-11-27 00:59:19.304] [exthost] [info] Extension host with pid 53816 exiting with code 0
