[2021-11-29 22:44:10.528] [exthost] [info] Extension host with pid 109407 started
[2021-11-29 22:44:10.550] [exthost] [info] Lock '/home/Mdinh5/.vscode-server/data/User/workspaceStorage/e4fa6b216f3021d2c5520ad339417fc5/vscode.lock': Lock acquired.
[2021-11-29 22:44:10.740] [exthost] [info] ExtensionService#_doActivateExtension vscode.extension-editing, startup: false, activationEvent: 'onLanguage:markdown'
[2021-11-29 22:44:10.771] [exthost] [info] ExtensionService#_doActivateExtension vscode.markdown-language-features, startup: false, activationEvent: 'onLanguage:markdown'
[2021-11-29 22:44:10.884] [exthost] [info] ExtensionService#_doActivateExtension vscode.debug-auto-launch, startup: true, activationEvent: '*'
[2021-11-29 22:44:10.888] [exthost] [info] ExtensionService#_doActivateExtension vscode.git, startup: true, activationEvent: '*', root cause: vscode.github
[2021-11-29 22:44:11.423] [exthost] [info] ExtensionService#_doActivateExtension vscode.github, startup: true, activationEvent: '*'
[2021-11-29 22:44:11.764] [exthost] [info] ExtensionService#_doActivateExtension vscode.markdown-math, startup: false, activationEvent: 'api', root cause: vscode.markdown-language-features
[2021-11-29 22:44:12.362] [exthost] [info] ExtensionService#_doActivateExtension vscode.merge-conflict, startup: false, activationEvent: 'onStartupFinished'
[2021-11-29 22:44:12.367] [exthost] [info] Eager extensions activated
[2021-11-29 22:44:12.395] [exthost] [error] {"message":"Git error","stdout":"","stderr":"fatal: Pathspec '/home/Mdinh5/GroupPro/swe-project2/app.py' is in submodule 'GroupPro/swe-project2'\n","exitCode":128,"gitErrorCode":"IsInSubmodule"}
[2021-11-29 22:44:12.395] [exthost] [error] {"message":"Git error","stdout":"","stderr":"fatal: Pathspec '/home/Mdinh5/GroupPro/swe-project2/app.py' is in submodule 'GroupPro/swe-project2'\n","exitCode":128,"gitErrorCode":"IsInSubmodule"}
[2021-11-29 22:44:12.395] [exthost] [error] {"message":"Git error","stdout":"","stderr":"fatal: Pathspec '/home/Mdinh5/GroupPro/swe-project2/app.py' is in submodule 'GroupPro/swe-project2'\n","exitCode":128,"gitErrorCode":"IsInSubmodule"}
[2021-11-29 22:44:12.395] [exthost] [error] {"message":"Git error","stdout":"","stderr":"fatal: Pathspec '/home/Mdinh5/GroupPro/swe-project2/app.py' is in submodule 'GroupPro/swe-project2'\n","exitCode":128,"gitErrorCode":"IsInSubmodule"}
[2021-11-29 22:44:12.395] [exthost] [error] {"message":"Git error","stdout":"","stderr":"fatal: Pathspec '/home/Mdinh5/GroupPro/swe-project2/app.py' is in submodule 'GroupPro/swe-project2'\n","exitCode":128,"gitErrorCode":"IsInSubmodule"}
[2021-11-29 22:44:12.395] [exthost] [error] {"message":"Git error","stdout":"","stderr":"fatal: Pathspec '/home/Mdinh5/GroupPro/swe-project2/app.py' is in submodule 'GroupPro/swe-project2'\n","exitCode":128,"gitErrorCode":"IsInSubmodule"}
[2021-11-29 22:44:12.395] [exthost] [error] {"message":"Git error","stdout":"","stderr":"fatal: Pathspec '/home/Mdinh5/GroupPro/swe-project2/app.py' is in submodule 'GroupPro/swe-project2'\n","exitCode":128,"gitErrorCode":"IsInSubmodule"}
[2021-11-29 22:44:12.395] [exthost] [error] {"message":"Git error","stdout":"","stderr":"fatal: Pathspec '/home/Mdinh5/GroupPro/swe-project2/app.py' is in submodule 'GroupPro/swe-project2'\n","exitCode":128,"gitErrorCode":"IsInSubmodule"}
[2021-11-29 22:44:12.395] [exthost] [error] {"message":"Git error","stdout":"","stderr":"fatal: Pathspec '/home/Mdinh5/GroupPro/swe-project2/app.py' is in submodule 'GroupPro/swe-project2'\n","exitCode":128,"gitErrorCode":"IsInSubmodule"}
[2021-11-29 22:44:12.395] [exthost] [error] {"message":"Git error","stdout":"","stderr":"fatal: Pathspec '/home/Mdinh5/GroupPro/swe-project2/app.py' is in submodule 'GroupPro/swe-project2'\n","exitCode":128,"gitErrorCode":"IsInSubmodule"}
[2021-11-29 22:44:12.395] [exthost] [error] {"message":"Git error","stdout":"","stderr":"fatal: Pathspec '/home/Mdinh5/GroupPro/swe-project2/app.py' is in submodule 'GroupPro/swe-project2'\n","exitCode":128,"gitErrorCode":"IsInSubmodule"}
[2021-11-29 22:44:12.395] [exthost] [error] {"message":"Git error","stdout":"","stderr":"fatal: Pathspec '/home/Mdinh5/GroupPro/swe-project2/app.py' is in submodule 'GroupPro/swe-project2'\n","exitCode":128,"gitErrorCode":"IsInSubmodule"}
[2021-11-29 22:44:12.395] [exthost] [error] {"message":"Git error","stdout":"","stderr":"fatal: Pathspec '/home/Mdinh5/GroupPro/swe-project2/app.py' is in submodule 'GroupPro/swe-project2'\n","exitCode":128,"gitErrorCode":"IsInSubmodule"}
[2021-11-29 22:44:12.395] [exthost] [error] {"message":"Git error","stdout":"","stderr":"fatal: Pathspec '/home/Mdinh5/GroupPro/swe-project2/app.py' is in submodule 'GroupPro/swe-project2'\n","exitCode":128,"gitErrorCode":"IsInSubmodule"}
[2021-11-29 22:44:12.395] [exthost] [error] {"message":"Git error","stdout":"","stderr":"fatal: Pathspec '/home/Mdinh5/GroupPro/swe-project2/app.py' is in submodule 'GroupPro/swe-project2'\n","exitCode":128,"gitErrorCode":"IsInSubmodule"}
[2021-11-29 22:44:12.395] [exthost] [error] {"message":"Git error","stdout":"","stderr":"fatal: Pathspec '/home/Mdinh5/GroupPro/swe-project2/app.py' is in submodule 'GroupPro/swe-project2'\n","exitCode":128,"gitErrorCode":"IsInSubmodule"}
[2021-11-29 22:44:12.395] [exthost] [error] {"message":"Git error","stdout":"","stderr":"fatal: Pathspec '/home/Mdinh5/GroupPro/swe-project2/app.py' is in submodule 'GroupPro/swe-project2'\n","exitCode":128,"gitErrorCode":"IsInSubmodule"}
[2021-11-29 22:44:12.395] [exthost] [error] {"message":"Git error","stdout":"","stderr":"fatal: Pathspec '/home/Mdinh5/GroupPro/swe-project2/app.py' is in submodule 'GroupPro/swe-project2'\n","exitCode":128,"gitErrorCode":"IsInSubmodule"}
[2021-11-29 22:44:12.395] [exthost] [error] {"message":"Git error","stdout":"","stderr":"fatal: Pathspec '/home/Mdinh5/GroupPro/swe-project2/app.py' is in submodule 'GroupPro/swe-project2'\n","exitCode":128,"gitErrorCode":"IsInSubmodule"}
[2021-11-29 22:44:12.395] [exthost] [error] {"message":"Git error","stdout":"","stderr":"fatal: Pathspec '/home/Mdinh5/GroupPro/swe-project2/app.py' is in submodule 'GroupPro/swe-project2'\n","exitCode":128,"gitErrorCode":"IsInSubmodule"}
[2021-11-29 22:44:12.395] [exthost] [error] {"message":"Git error","stdout":"","stderr":"fatal: Pathspec '/home/Mdinh5/GroupPro/swe-project2/app.py' is in submodule 'GroupPro/swe-project2'\n","exitCode":128,"gitErrorCode":"IsInSubmodule"}
[2021-11-29 22:44:12.395] [exthost] [error] {"message":"Git error","stdout":"","stderr":"fatal: Pathspec '/home/Mdinh5/GroupPro/swe-project2/app.py' is in submodule 'GroupPro/swe-project2'\n","exitCode":128,"gitErrorCode":"IsInSubmodule"}
[2021-11-29 22:44:12.395] [exthost] [error] {"message":"Git error","stdout":"","stderr":"fatal: Pathspec '/home/Mdinh5/GroupPro/swe-project2/app.py' is in submodule 'GroupPro/swe-project2'\n","exitCode":128,"gitErrorCode":"IsInSubmodule"}
[2021-11-29 22:44:12.395] [exthost] [error] {"message":"Git error","stdout":"","stderr":"fatal: Pathspec '/home/Mdinh5/GroupPro/swe-project2/app.py' is in submodule 'GroupPro/swe-project2'\n","exitCode":128,"gitErrorCode":"IsInSubmodule"}
[2021-11-29 22:44:12.395] [exthost] [error] {"message":"Git error","stdout":"","stderr":"fatal: Pathspec '/home/Mdinh5/GroupPro/swe-project2/app.py' is in submodule 'GroupPro/swe-project2'\n","exitCode":128,"gitErrorCode":"IsInSubmodule"}
[2021-11-29 22:44:12.395] [exthost] [error] {"message":"Git error","stdout":"","stderr":"fatal: Pathspec '/home/Mdinh5/GroupPro/swe-project2/app.py' is in submodule 'GroupPro/swe-project2'\n","exitCode":128,"gitErrorCode":"IsInSubmodule"}
[2021-11-29 22:44:12.395] [exthost] [error] {"message":"Git error","stdout":"","stderr":"fatal: Pathspec '/home/Mdinh5/GroupPro/swe-project2/app.py' is in submodule 'GroupPro/swe-project2'\n","exitCode":128,"gitErrorCode":"IsInSubmodule"}
[2021-11-29 22:44:12.395] [exthost] [error] {"message":"Git error","stdout":"","stderr":"fatal: Pathspec '/home/Mdinh5/GroupPro/swe-project2/app.py' is in submodule 'GroupPro/swe-project2'\n","exitCode":128,"gitErrorCode":"IsInSubmodule"}
[2021-11-29 22:44:12.395] [exthost] [error] {"message":"Git error","stdout":"","stderr":"fatal: Pathspec '/home/Mdinh5/GroupPro/swe-project2/app.py' is in submodule 'GroupPro/swe-project2'\n","exitCode":128,"gitErrorCode":"IsInSubmodule"}
[2021-11-29 22:44:12.395] [exthost] [error] {"message":"Git error","stdout":"","stderr":"fatal: Pathspec '/home/Mdinh5/GroupPro/swe-project2/app.py' is in submodule 'GroupPro/swe-project2'\n","exitCode":128,"gitErrorCode":"IsInSubmodule"}
[2021-11-29 22:44:12.395] [exthost] [error] {"message":"Git error","stdout":"","stderr":"fatal: Pathspec '/home/Mdinh5/GroupPro/swe-project2/app.py' is in submodule 'GroupPro/swe-project2'\n","exitCode":128,"gitErrorCode":"IsInSubmodule"}
[2021-11-29 22:44:12.395] [exthost] [error] {"message":"Git error","stdout":"","stderr":"fatal: Pathspec '/home/Mdinh5/GroupPro/swe-project2/app.py' is in submodule 'GroupPro/swe-project2'\n","exitCode":128,"gitErrorCode":"IsInSubmodule"}
[2021-11-29 22:44:12.395] [exthost] [error] {"message":"Git error","stdout":"","stderr":"fatal: Pathspec '/home/Mdinh5/GroupPro/swe-project2/app.py' is in submodule 'GroupPro/swe-project2'\n","exitCode":128,"gitErrorCode":"IsInSubmodule"}
[2021-11-29 22:44:12.395] [exthost] [error] {"message":"Git error","stdout":"","stderr":"fatal: Pathspec '/home/Mdinh5/GroupPro/swe-project2/app.py' is in submodule 'GroupPro/swe-project2'\n","exitCode":128,"gitErrorCode":"IsInSubmodule"}
[2021-11-29 22:44:12.395] [exthost] [error] {"message":"Git error","stdout":"","stderr":"fatal: Pathspec '/home/Mdinh5/GroupPro/swe-project2/app.py' is in submodule 'GroupPro/swe-project2'\n","exitCode":128,"gitErrorCode":"IsInSubmodule"}
[2021-11-29 22:44:12.395] [exthost] [error] {"message":"Git error","stdout":"","stderr":"fatal: Pathspec '/home/Mdinh5/GroupPro/swe-project2/app.py' is in submodule 'GroupPro/swe-project2'\n","exitCode":128,"gitErrorCode":"IsInSubmodule"}
[2021-11-29 22:44:12.395] [exthost] [error] {"message":"Git error","stdout":"","stderr":"fatal: Pathspec '/home/Mdinh5/GroupPro/swe-project2/app.py' is in submodule 'GroupPro/swe-project2'\n","exitCode":128,"gitErrorCode":"IsInSubmodule"}
[2021-11-29 22:44:12.395] [exthost] [error] {"message":"Git error","stdout":"","stderr":"fatal: Pathspec '/home/Mdinh5/GroupPro/swe-project2/app.py' is in submodule 'GroupPro/swe-project2'\n","exitCode":128,"gitErrorCode":"IsInSubmodule"}
[2021-11-29 22:44:12.395] [exthost] [error] {"message":"Git error","stdout":"","stderr":"fatal: Pathspec '/home/Mdinh5/GroupPro/swe-project2/app.py' is in submodule 'GroupPro/swe-project2'\n","exitCode":128,"gitErrorCode":"IsInSubmodule"}
[2021-11-29 22:44:12.395] [exthost] [error] {"message":"Git error","stdout":"","stderr":"fatal: Pathspec '/home/Mdinh5/GroupPro/swe-project2/app.py' is in submodule 'GroupPro/swe-project2'\n","exitCode":128,"gitErrorCode":"IsInSubmodule"}
[2021-11-29 22:44:12.395] [exthost] [error] {"message":"Git error","stdout":"","stderr":"fatal: Pathspec '/home/Mdinh5/GroupPro/swe-project2/app.py' is in submodule 'GroupPro/swe-project2'\n","exitCode":128,"gitErrorCode":"IsInSubmodule"}
[2021-11-29 22:44:12.395] [exthost] [error] {"message":"Git error","stdout":"","stderr":"fatal: Pathspec '/home/Mdinh5/GroupPro/swe-project2/app.py' is in submodule 'GroupPro/swe-project2'\n","exitCode":128,"gitErrorCode":"IsInSubmodule"}
[2021-11-29 22:44:12.395] [exthost] [error] {"message":"Git error","stdout":"","stderr":"fatal: Pathspec '/home/Mdinh5/GroupPro/swe-project2/app.py' is in submodule 'GroupPro/swe-project2'\n","exitCode":128,"gitErrorCode":"IsInSubmodule"}
[2021-11-29 22:44:12.395] [exthost] [error] {"message":"Git error","stdout":"","stderr":"fatal: Pathspec '/home/Mdinh5/GroupPro/swe-project2/app.py' is in submodule 'GroupPro/swe-project2'\n","exitCode":128,"gitErrorCode":"IsInSubmodule"}
[2021-11-29 22:44:12.395] [exthost] [error] {"message":"Git error","stdout":"","stderr":"fatal: Pathspec '/home/Mdinh5/GroupPro/swe-project2/app.py' is in submodule 'GroupPro/swe-project2'\n","exitCode":128,"gitErrorCode":"IsInSubmodule"}
[2021-11-29 22:44:12.395] [exthost] [error] {"message":"Git error","stdout":"","stderr":"fatal: Pathspec '/home/Mdinh5/GroupPro/swe-project2/app.py' is in submodule 'GroupPro/swe-project2'\n","exitCode":128,"gitErrorCode":"IsInSubmodule"}
[2021-11-29 22:44:12.395] [exthost] [error] {"message":"Git error","stdout":"","stderr":"fatal: Pathspec '/home/Mdinh5/GroupPro/swe-project2/app.py' is in submodule 'GroupPro/swe-project2'\n","exitCode":128,"gitErrorCode":"IsInSubmodule"}
[2021-11-29 22:44:12.395] [exthost] [error] {"message":"Git error","stdout":"","stderr":"fatal: Pathspec '/home/Mdinh5/GroupPro/swe-project2/app.py' is in submodule 'GroupPro/swe-project2'\n","exitCode":128,"gitErrorCode":"IsInSubmodule"}
[2021-11-29 22:44:12.395] [exthost] [error] {"message":"Git error","stdout":"","stderr":"fatal: Pathspec '/home/Mdinh5/GroupPro/swe-project2/app.py' is in submodule 'GroupPro/swe-project2'\n","exitCode":128,"gitErrorCode":"IsInSubmodule"}
[2021-11-29 22:44:12.395] [exthost] [error] {"message":"Git error","stdout":"","stderr":"fatal: Pathspec '/home/Mdinh5/GroupPro/swe-project2/app.py' is in submodule 'GroupPro/swe-project2'\n","exitCode":128,"gitErrorCode":"IsInSubmodule"}
[2021-11-29 22:44:12.395] [exthost] [error] {"message":"Git error","stdout":"","stderr":"fatal: Pathspec '/home/Mdinh5/GroupPro/swe-project2/app.py' is in submodule 'GroupPro/swe-project2'\n","exitCode":128,"gitErrorCode":"IsInSubmodule"}
[2021-11-29 22:44:12.395] [exthost] [error] {"message":"Git error","stdout":"","stderr":"fatal: Pathspec '/home/Mdinh5/GroupPro/swe-project2/app.py' is in submodule 'GroupPro/swe-project2'\n","exitCode":128,"gitErrorCode":"IsInSubmodule"}
[2021-11-29 22:44:12.395] [exthost] [error] {"message":"Git error","stdout":"","stderr":"fatal: Pathspec '/home/Mdinh5/GroupPro/swe-project2/app.py' is in submodule 'GroupPro/swe-project2'\n","exitCode":128,"gitErrorCode":"IsInSubmodule"}
[2021-11-29 22:44:12.395] [exthost] [error] {"message":"Git error","stdout":"","stderr":"fatal: Pathspec '/home/Mdinh5/GroupPro/swe-project2/app.py' is in submodule 'GroupPro/swe-project2'\n","exitCode":128,"gitErrorCode":"IsInSubmodule"}
[2021-11-29 22:44:12.395] [exthost] [error] {"message":"Git error","stdout":"","stderr":"fatal: Pathspec '/home/Mdinh5/GroupPro/swe-project2/app.py' is in submodule 'GroupPro/swe-project2'\n","exitCode":128,"gitErrorCode":"IsInSubmodule"}
[2021-11-29 22:44:12.395] [exthost] [error] {"message":"Git error","stdout":"","stderr":"fatal: Pathspec '/home/Mdinh5/GroupPro/swe-project2/app.py' is in submodule 'GroupPro/swe-project2'\n","exitCode":128,"gitErrorCode":"IsInSubmodule"}
[2021-11-29 22:44:12.395] [exthost] [error] {"message":"Git error","stdout":"","stderr":"fatal: Pathspec '/home/Mdinh5/GroupPro/swe-project2/app.py' is in submodule 'GroupPro/swe-project2'\n","exitCode":128,"gitErrorCode":"IsInSubmodule"}
[2021-11-29 22:44:12.395] [exthost] [error] {"message":"Git error","stdout":"","stderr":"fatal: Pathspec '/home/Mdinh5/GroupPro/swe-project2/app.py' is in submodule 'GroupPro/swe-project2'\n","exitCode":128,"gitErrorCode":"IsInSubmodule"}
[2021-11-29 22:44:12.395] [exthost] [error] {"message":"Git error","stdout":"","stderr":"fatal: Pathspec '/home/Mdinh5/GroupPro/swe-project2/app.py' is in submodule 'GroupPro/swe-project2'\n","exitCode":128,"gitErrorCode":"IsInSubmodule"}
[2021-11-29 22:44:12.395] [exthost] [error] {"message":"Git error","stdout":"","stderr":"fatal: Pathspec '/home/Mdinh5/GroupPro/swe-project2/app.py' is in submodule 'GroupPro/swe-project2'\n","exitCode":128,"gitErrorCode":"IsInSubmodule"}
[2021-11-29 22:44:12.395] [exthost] [error] {"message":"Git error","stdout":"","stderr":"fatal: Pathspec '/home/Mdinh5/GroupPro/swe-project2/app.py' is in submodule 'GroupPro/swe-project2'\n","exitCode":128,"gitErrorCode":"IsInSubmodule"}
[2021-11-29 22:44:12.395] [exthost] [error] {"message":"Git error","stdout":"","stderr":"fatal: Pathspec '/home/Mdinh5/GroupPro/swe-project2/app.py' is in submodule 'GroupPro/swe-project2'\n","exitCode":128,"gitErrorCode":"IsInSubmodule"}
[2021-11-29 22:44:12.395] [exthost] [error] {"message":"Git error","stdout":"","stderr":"fatal: Pathspec '/home/Mdinh5/GroupPro/swe-project2/app.py' is in submodule 'GroupPro/swe-project2'\n","exitCode":128,"gitErrorCode":"IsInSubmodule"}
[2021-11-29 22:44:12.395] [exthost] [error] {"message":"Git error","stdout":"","stderr":"fatal: Pathspec '/home/Mdinh5/GroupPro/swe-project2/app.py' is in submodule 'GroupPro/swe-project2'\n","exitCode":128,"gitErrorCode":"IsInSubmodule"}
[2021-11-29 22:44:12.395] [exthost] [error] {"message":"Git error","stdout":"","stderr":"fatal: Pathspec '/home/Mdinh5/GroupPro/swe-project2/app.py' is in submodule 'GroupPro/swe-project2'\n","exitCode":128,"gitErrorCode":"IsInSubmodule"}
[2021-11-29 22:44:12.395] [exthost] [error] {"message":"Git error","stdout":"","stderr":"fatal: Pathspec '/home/Mdinh5/GroupPro/swe-project2/app.py' is in submodule 'GroupPro/swe-project2'\n","exitCode":128,"gitErrorCode":"IsInSubmodule"}
[2021-11-29 22:44:12.395] [exthost] [error] {"message":"Git error","stdout":"","stderr":"fatal: Pathspec '/home/Mdinh5/GroupPro/swe-project2/app.py' is in submodule 'GroupPro/swe-project2'\n","exitCode":128,"gitErrorCode":"IsInSubmodule"}
[2021-11-29 22:44:12.395] [exthost] [error] {"message":"Git error","stdout":"","stderr":"fatal: Pathspec '/home/Mdinh5/GroupPro/swe-project2/app.py' is in submodule 'GroupPro/swe-project2'\n","exitCode":128,"gitErrorCode":"IsInSubmodule"}
[2021-11-29 22:44:12.395] [exthost] [error] {"message":"Git error","stdout":"","stderr":"fatal: Pathspec '/home/Mdinh5/GroupPro/swe-project2/app.py' is in submodule 'GroupPro/swe-project2'\n","exitCode":128,"gitErrorCode":"IsInSubmodule"}
[2021-11-29 22:44:12.395] [exthost] [error] {"message":"Git error","stdout":"","stderr":"fatal: Pathspec '/home/Mdinh5/GroupPro/swe-project2/app.py' is in submodule 'GroupPro/swe-project2'\n","exitCode":128,"gitErrorCode":"IsInSubmodule"}
[2021-11-29 22:44:12.395] [exthost] [error] {"message":"Git error","stdout":"","stderr":"fatal: Pathspec '/home/Mdinh5/GroupPro/swe-project2/app.py' is in submodule 'GroupPro/swe-project2'\n","exitCode":128,"gitErrorCode":"IsInSubmodule"}
[2021-11-29 22:44:12.395] [exthost] [error] {"message":"Git error","stdout":"","stderr":"fatal: Pathspec '/home/Mdinh5/GroupPro/swe-project2/app.py' is in submodule 'GroupPro/swe-project2'\n","exitCode":128,"gitErrorCode":"IsInSubmodule"}
[2021-11-29 22:44:12.395] [exthost] [error] {"message":"Git error","stdout":"","stderr":"fatal: Pathspec '/home/Mdinh5/GroupPro/swe-project2/app.py' is in submodule 'GroupPro/swe-project2'\n","exitCode":128,"gitErrorCode":"IsInSubmodule"}
[2021-11-29 22:44:12.395] [exthost] [error] {"message":"Git error","stdout":"","stderr":"fatal: Pathspec '/home/Mdinh5/GroupPro/swe-project2/app.py' is in submodule 'GroupPro/swe-project2'\n","exitCode":128,"gitErrorCode":"IsInSubmodule"}
[2021-11-29 22:44:12.395] [exthost] [error] {"message":"Git error","stdout":"","stderr":"fatal: Pathspec '/home/Mdinh5/GroupPro/swe-project2/app.py' is in submodule 'GroupPro/swe-project2'\n","exitCode":128,"gitErrorCode":"IsInSubmodule"}
[2021-11-29 22:44:12.395] [exthost] [error] {"message":"Git error","stdout":"","stderr":"fatal: Pathspec '/home/Mdinh5/GroupPro/swe-project2/app.py' is in submodule 'GroupPro/swe-project2'\n","exitCode":128,"gitErrorCode":"IsInSubmodule"}
[2021-11-29 22:44:12.395] [exthost] [error] {"message":"Git error","stdout":"","stderr":"fatal: Pathspec '/home/Mdinh5/GroupPro/swe-project2/app.py' is in submodule 'GroupPro/swe-project2'\n","exitCode":128,"gitErrorCode":"IsInSubmodule"}
[2021-11-29 22:44:12.395] [exthost] [error] {"message":"Git error","stdout":"","stderr":"fatal: Pathspec '/home/Mdinh5/GroupPro/swe-project2/app.py' is in submodule 'GroupPro/swe-project2'\n","exitCode":128,"gitErrorCode":"IsInSubmodule"}
[2021-11-29 22:44:12.395] [exthost] [error] {"message":"Git error","stdout":"","stderr":"fatal: Pathspec '/home/Mdinh5/GroupPro/swe-project2/app.py' is in submodule 'GroupPro/swe-project2'\n","exitCode":128,"gitErrorCode":"IsInSubmodule"}
[2021-11-29 22:44:12.395] [exthost] [error] {"message":"Git error","stdout":"","stderr":"fatal: Pathspec '/home/Mdinh5/GroupPro/swe-project2/app.py' is in submodule 'GroupPro/swe-project2'\n","exitCode":128,"gitErrorCode":"IsInSubmodule"}
[2021-11-29 22:44:12.396] [exthost] [error] {"message":"Git error","stdout":"","stderr":"fatal: Pathspec '/home/Mdinh5/GroupPro/swe-project2/app.py' is in submodule 'GroupPro/swe-project2'\n","exitCode":128,"gitErrorCode":"IsInSubmodule"}
[2021-11-29 22:44:12.396] [exthost] [error] {"message":"Git error","stdout":"","stderr":"fatal: Pathspec '/home/Mdinh5/GroupPro/swe-project2/app.py' is in submodule 'GroupPro/swe-project2'\n","exitCode":128,"gitErrorCode":"IsInSubmodule"}
[2021-11-29 23:00:30.955] [exthost] [warning] [Decorations] CAPPING events from decorations provider vscode.git 10000
[2021-11-29 23:06:02.736] [exthost] [info] ExtensionService#_doActivateExtension vscode.emmet, startup: false, activationEvent: 'onLanguage:html'
[2021-11-29 23:06:02.763] [exthost] [info] ExtensionService#_doActivateExtension vscode.html-language-features, startup: false, activationEvent: 'onLanguage:html'
[2021-11-29 23:06:03.054] [exthost] [error] {"message":"Git error","stdout":"","stderr":"fatal: Pathspec '/home/Mdinh5/GroupPro/swe-project2/templates' is in submodule 'GroupPro/swe-project2'\n","exitCode":128,"gitErrorCode":"IsInSubmodule"}
[2021-11-29 23:06:03.054] [exthost] [error] {"message":"Git error","stdout":"","stderr":"fatal: Pathspec '/home/Mdinh5/GroupPro/swe-project2/templates' is in submodule 'GroupPro/swe-project2'\n","exitCode":128,"gitErrorCode":"IsInSubmodule"}
[2021-11-29 23:06:04.118] [exthost] [error] {"message":"Git error","stdout":"","stderr":"fatal: Pathspec '/home/Mdinh5/GroupPro/swe-project2/__pycache__' is in submodule 'GroupPro/swe-project2'\n","exitCode":128,"gitErrorCode":"IsInSubmodule"}
[2021-11-29 23:06:04.118] [exthost] [error] {"message":"Git error","stdout":"","stderr":"fatal: Pathspec '/home/Mdinh5/GroupPro/swe-project2/__pycache__' is in submodule 'GroupPro/swe-project2'\n","exitCode":128,"gitErrorCode":"IsInSubmodule"}
[2021-11-29 23:06:04.118] [exthost] [error] {"message":"Git error","stdout":"","stderr":"fatal: Pathspec '/home/Mdinh5/GroupPro/swe-project2/__pycache__' is in submodule 'GroupPro/swe-project2'\n","exitCode":128,"gitErrorCode":"IsInSubmodule"}
[2021-11-29 23:06:04.118] [exthost] [error] {"message":"Git error","stdout":"","stderr":"fatal: Pathspec '/home/Mdinh5/GroupPro/swe-project2/__pycache__' is in submodule 'GroupPro/swe-project2'\n","exitCode":128,"gitErrorCode":"IsInSubmodule"}
[2021-11-29 23:06:04.118] [exthost] [error] {"message":"Git error","stdout":"","stderr":"fatal: Pathspec '/home/Mdinh5/GroupPro/swe-project2/__pycache__' is in submodule 'GroupPro/swe-project2'\n","exitCode":128,"gitErrorCode":"IsInSubmodule"}
[2021-11-29 23:06:04.118] [exthost] [error] {"message":"Git error","stdout":"","stderr":"fatal: Pathspec '/home/Mdinh5/GroupPro/swe-project2/__pycache__' is in submodule 'GroupPro/swe-project2'\n","exitCode":128,"gitErrorCode":"IsInSubmodule"}
[2021-11-29 23:06:04.118] [exthost] [error] {"message":"Git error","stdout":"","stderr":"fatal: Pathspec '/home/Mdinh5/GroupPro/swe-project2/__pycache__' is in submodule 'GroupPro/swe-project2'\n","exitCode":128,"gitErrorCode":"IsInSubmodule"}
[2021-11-29 23:06:04.118] [exthost] [error] {"message":"Git error","stdout":"","stderr":"fatal: Pathspec '/home/Mdinh5/GroupPro/swe-project2/__pycache__' is in submodule 'GroupPro/swe-project2'\n","exitCode":128,"gitErrorCode":"IsInSubmodule"}
[2021-11-29 23:06:04.118] [exthost] [error] {"message":"Git error","stdout":"","stderr":"fatal: Pathspec '/home/Mdinh5/GroupPro/swe-project2/__pycache__' is in submodule 'GroupPro/swe-project2'\n","exitCode":128,"gitErrorCode":"IsInSubmodule"}
[2021-11-29 23:06:04.118] [exthost] [error] {"message":"Git error","stdout":"","stderr":"fatal: Pathspec '/home/Mdinh5/GroupPro/swe-project2/__pycache__' is in submodule 'GroupPro/swe-project2'\n","exitCode":128,"gitErrorCode":"IsInSubmodule"}
[2021-11-29 23:06:04.118] [exthost] [error] {"message":"Git error","stdout":"","stderr":"fatal: Pathspec '/home/Mdinh5/GroupPro/swe-project2/__pycache__' is in submodule 'GroupPro/swe-project2'\n","exitCode":128,"gitErrorCode":"IsInSubmodule"}
[2021-11-29 23:06:04.118] [exthost] [error] {"message":"Git error","stdout":"","stderr":"fatal: Pathspec '/home/Mdinh5/GroupPro/swe-project2/__pycache__' is in submodule 'GroupPro/swe-project2'\n","exitCode":128,"gitErrorCode":"IsInSubmodule"}
[2021-11-29 23:06:04.118] [exthost] [error] {"message":"Git error","stdout":"","stderr":"fatal: Pathspec '/home/Mdinh5/GroupPro/swe-project2/__pycache__' is in submodule 'GroupPro/swe-project2'\n","exitCode":128,"gitErrorCode":"IsInSubmodule"}
[2021-11-29 23:06:04.118] [exthost] [error] {"message":"Git error","stdout":"","stderr":"fatal: Pathspec '/home/Mdinh5/GroupPro/swe-project2/__pycache__' is in submodule 'GroupPro/swe-project2'\n","exitCode":128,"gitErrorCode":"IsInSubmodule"}
[2021-11-29 23:06:04.118] [exthost] [error] {"message":"Git error","stdout":"","stderr":"fatal: Pathspec '/home/Mdinh5/GroupPro/swe-project2/__pycache__' is in submodule 'GroupPro/swe-project2'\n","exitCode":128,"gitErrorCode":"IsInSubmodule"}
[2021-11-29 23:06:04.118] [exthost] [error] {"message":"Git error","stdout":"","stderr":"fatal: Pathspec '/home/Mdinh5/GroupPro/swe-project2/__pycache__' is in submodule 'GroupPro/swe-project2'\n","exitCode":128,"gitErrorCode":"IsInSubmodule"}
[2021-11-29 23:06:04.118] [exthost] [error] {"message":"Git error","stdout":"","stderr":"fatal: Pathspec '/home/Mdinh5/GroupPro/swe-project2/__pycache__' is in submodule 'GroupPro/swe-project2'\n","exitCode":128,"gitErrorCode":"IsInSubmodule"}
[2021-11-29 23:31:12.443] [exthost] [info] extension host terminating: received terminate message from renderer
[2021-11-29 23:31:12.444] [exthost] [info] Lock '/home/Mdinh5/.vscode-server/data/User/workspaceStorage/e4fa6b216f3021d2c5520ad339417fc5/vscode.lock': Marking the lockfile as scheduled to be released in 6000 ms.
[2021-11-29 23:31:13.461] [exthost] [info] Extension host with pid 109407 exiting with code 0
