Validating found git in: git
Using git 2.25.1 from git
> git rev-parse --git-dir
Open repository: /home/Mdinh5
> git status -z -u
> git symbolic-ref --short HEAD
> git for-each-ref --format=%(refname)%00%(upstream:short)%00%(objectname)%00%(upstream:track) refs/heads/tripmap refs/remotes/tripmap
> git check-ignore -v -z --stdin
> git for-each-ref --sort -committerdate --format %(refname) %(objectname) %(*objectname)
> git remote --verbose
> git config --get commit.template
> git check-ignore -v -z --stdin
> git show --textconv :GroupPro/swe-project2/app.py
> git ls-files --stage -- /home/Mdinh5/GroupPro/swe-project2/app.py
> git show --textconv :GroupPro/swe-project2/templates/Static_City.html
> git ls-files --stage -- /home/Mdinh5/GroupPro/swe-project2/templates/Static_City.html
> git check-ignore -v -z --stdin
> git show --textconv :GroupPro/swe-project2/src/App.js
> git ls-files --stage -- /home/Mdinh5/GroupPro/swe-project2/src/App.js
> git check-ignore -v -z --stdin
> git show --textconv :GroupPro/swe-project2/app.py
> git ls-files --stage -- /home/Mdinh5/GroupPro/swe-project2/app.py
> git show --textconv :GroupPro/swe-project2/py_files/test.py
> git ls-files --stage -- /home/Mdinh5/GroupPro/swe-project2/py_files/test.py
> git show --textconv :GroupPro/swe-project2/src/App.js
> git ls-files --stage -- /home/Mdinh5/GroupPro/swe-project2/src/App.js
> git show --textconv :GroupPro/swe-project2/templates/Static_City.html
> git ls-files --stage -- /home/Mdinh5/GroupPro/swe-project2/templates/Static_City.html
> git show --textconv :GroupPro/swe-project2/src/App.js
> git ls-files --stage -- /home/Mdinh5/GroupPro/swe-project2/src/App.js
> git show --textconv :GroupPro/swe-project2/py_files/test.py
> git ls-files --stage -- /home/Mdinh5/GroupPro/swe-project2/py_files/test.py
> git show --textconv :GroupPro/swe-project2/app.py
> git ls-files --stage -- /home/Mdinh5/GroupPro/swe-project2/app.py
> git show --textconv :GroupPro/swe-project2/src/App.js
> git ls-files --stage -- /home/Mdinh5/GroupPro/swe-project2/src/App.js
> git show --textconv :GroupPro/swe-project2/src/App.css
> git ls-files --stage -- /home/Mdinh5/GroupPro/swe-project2/src/App.css
> git show --textconv :GroupPro/swe-project2/app.py
> git ls-files --stage -- /home/Mdinh5/GroupPro/swe-project2/app.py
> git show --textconv :GroupPro/swe-project2/src/App.css
> git ls-files --stage -- /home/Mdinh5/GroupPro/swe-project2/src/App.css
> git show --textconv :GroupPro/swe-project2/src/App.js
> git ls-files --stage -- /home/Mdinh5/GroupPro/swe-project2/src/App.js
> git show --textconv :GroupPro/swe-project2/src/App.css
> git ls-files --stage -- /home/Mdinh5/GroupPro/swe-project2/src/App.css
> git show --textconv :GroupPro/swe-project2/src/App.js
> git ls-files --stage -- /home/Mdinh5/GroupPro/swe-project2/src/App.js
> git show --textconv :GroupPro/swe-project2/src/App.css
> git ls-files --stage -- /home/Mdinh5/GroupPro/swe-project2/src/App.css
> git show --textconv :GroupPro/swe-project2/src/App.js
> git ls-files --stage -- /home/Mdinh5/GroupPro/swe-project2/src/App.js
> git show --textconv :GroupPro/swe-project2/src/App.css
> git ls-files --stage -- /home/Mdinh5/GroupPro/swe-project2/src/App.css
> git show --textconv :GroupPro/swe-project2/src/App.js
> git ls-files --stage -- /home/Mdinh5/GroupPro/swe-project2/src/App.js
> git show --textconv :GroupPro/swe-project2/src/App.css
> git ls-files --stage -- /home/Mdinh5/GroupPro/swe-project2/src/App.css
> git show --textconv :GroupPro/swe-project2/src/App.js
> git ls-files --stage -- /home/Mdinh5/GroupPro/swe-project2/src/App.js
> git show --textconv :GroupPro/swe-project2/src/App.css
> git ls-files --stage -- /home/Mdinh5/GroupPro/swe-project2/src/App.css
> git show --textconv :GroupPro/swe-project2/src/App.js
> git ls-files --stage -- /home/Mdinh5/GroupPro/swe-project2/src/App.js
> git show --textconv :GroupPro/swe-project2/src/App.css
> git ls-files --stage -- /home/Mdinh5/GroupPro/swe-project2/src/App.css
> git show --textconv :GroupPro/swe-project2/src/App.js
> git ls-files --stage -- /home/Mdinh5/GroupPro/swe-project2/src/App.js
> git show --textconv :GroupPro/swe-project2/src/App.css
> git ls-files --stage -- /home/Mdinh5/GroupPro/swe-project2/src/App.css
> git show --textconv :GroupPro/swe-project2/py_files/tripmap.py
> git ls-files --stage -- /home/Mdinh5/GroupPro/swe-project2/py_files/tripmap.py
> git show --textconv :GroupPro/swe-project2/src/App.js
> git ls-files --stage -- /home/Mdinh5/GroupPro/swe-project2/src/App.js
> git show --textconv :GroupPro/swe-project2/src/App.css
> git ls-files --stage -- /home/Mdinh5/GroupPro/swe-project2/src/App.css
> git show --textconv :GroupPro/swe-project2/src/App.js
> git ls-files --stage -- /home/Mdinh5/GroupPro/swe-project2/src/App.js
> git show --textconv :GroupPro/swe-project2/src/App.css
> git ls-files --stage -- /home/Mdinh5/GroupPro/swe-project2/src/App.css
> git show --textconv :GroupPro/swe-project2/src/App.js
> git ls-files --stage -- /home/Mdinh5/GroupPro/swe-project2/src/App.js
> git show --textconv :GroupPro/swe-project2/src/App.css
> git ls-files --stage -- /home/Mdinh5/GroupPro/swe-project2/src/App.css
> git show --textconv :GroupPro/swe-project2/src/App.js
> git ls-files --stage -- /home/Mdinh5/GroupPro/swe-project2/src/App.js
> git show --textconv :GroupPro/swe-project2/src/App.css
> git ls-files --stage -- /home/Mdinh5/GroupPro/swe-project2/src/App.css
> git show --textconv :GroupPro/swe-project2/src/App.js
> git ls-files --stage -- /home/Mdinh5/GroupPro/swe-project2/src/App.js
> git show --textconv :GroupPro/swe-project2/src/App.css
> git ls-files --stage -- /home/Mdinh5/GroupPro/swe-project2/src/App.css
> git show --textconv :GroupPro/swe-project2/src/App.js
> git ls-files --stage -- /home/Mdinh5/GroupPro/swe-project2/src/App.js
> git show --textconv :GroupPro/swe-project2/py_files/test.py
> git ls-files --stage -- /home/Mdinh5/GroupPro/swe-project2/py_files/test.py
> git show --textconv :GroupPro/swe-project2/src/App.js
> git ls-files --stage -- /home/Mdinh5/GroupPro/swe-project2/src/App.js
> git show --textconv :GroupPro/swe-project2/py_files/test.py
> git ls-files --stage -- /home/Mdinh5/GroupPro/swe-project2/py_files/test.py
> git show --textconv :GroupPro/swe-project2/src/App.js
> git ls-files --stage -- /home/Mdinh5/GroupPro/swe-project2/src/App.js
> git show --textconv :GroupPro/swe-project2/py_files/test.py
> git ls-files --stage -- /home/Mdinh5/GroupPro/swe-project2/py_files/test.py
> git show --textconv :GroupPro/swe-project2/src/App.js
> git ls-files --stage -- /home/Mdinh5/GroupPro/swe-project2/src/App.js
> git show --textconv :GroupPro/swe-project2/src/App.css
> git ls-files --stage -- /home/Mdinh5/GroupPro/swe-project2/src/App.css
> git show --textconv :GroupPro/swe-project2/src/App.js
> git ls-files --stage -- /home/Mdinh5/GroupPro/swe-project2/src/App.js
> git show --textconv :GroupPro/swe-project2/src/App.css
> git ls-files --stage -- /home/Mdinh5/GroupPro/swe-project2/src/App.css
> git show --textconv :GroupPro/swe-project2/src/App.js
> git ls-files --stage -- /home/Mdinh5/GroupPro/swe-project2/src/App.js
> git show --textconv :GroupPro/swe-project2/src/App.css
> git ls-files --stage -- /home/Mdinh5/GroupPro/swe-project2/src/App.css
> git show --textconv :GroupPro/swe-project2/src/App.js
> git ls-files --stage -- /home/Mdinh5/GroupPro/swe-project2/src/App.js
> git show --textconv :GroupPro/swe-project2/src/App.css
> git ls-files --stage -- /home/Mdinh5/GroupPro/swe-project2/src/App.css
> git show --textconv :GroupPro/swe-project2/src/App.js
> git ls-files --stage -- /home/Mdinh5/GroupPro/swe-project2/src/App.js
> git show --textconv :GroupPro/swe-project2/py_files/test.py
> git ls-files --stage -- /home/Mdinh5/GroupPro/swe-project2/py_files/test.py
> git show --textconv :GroupPro/swe-project2/src/App.js
> git ls-files --stage -- /home/Mdinh5/GroupPro/swe-project2/src/App.js
> git show --textconv :GroupPro/swe-project2/py_files/test.py
> git ls-files --stage -- /home/Mdinh5/GroupPro/swe-project2/py_files/test.py
> git show --textconv :GroupPro/swe-project2/src/App.js
> git ls-files --stage -- /home/Mdinh5/GroupPro/swe-project2/src/App.js
> git show --textconv :GroupPro/swe-project2/src/App.css
> git ls-files --stage -- /home/Mdinh5/GroupPro/swe-project2/src/App.css
> git show --textconv :GroupPro/swe-project2/src/App.js
> git ls-files --stage -- /home/Mdinh5/GroupPro/swe-project2/src/App.js
> git show --textconv :GroupPro/swe-project2/src/App.css
> git ls-files --stage -- /home/Mdinh5/GroupPro/swe-project2/src/App.css
> git show --textconv :GroupPro/swe-project2/src/App.js
> git ls-files --stage -- /home/Mdinh5/GroupPro/swe-project2/src/App.js
> git show --textconv :GroupPro/swe-project2/src/App.css
> git ls-files --stage -- /home/Mdinh5/GroupPro/swe-project2/src/App.css
> git show --textconv :GroupPro/swe-project2/src/App.js
> git ls-files --stage -- /home/Mdinh5/GroupPro/swe-project2/src/App.js
> git show --textconv :GroupPro/swe-project2/src/App.css
> git ls-files --stage -- /home/Mdinh5/GroupPro/swe-project2/src/App.css
> git show --textconv :GroupPro/swe-project2/py_files/test.py
> git ls-files --stage -- /home/Mdinh5/GroupPro/swe-project2/py_files/test.py
> git check-ignore -v -z --stdin
> git check-ignore -v -z --stdin
> git show --textconv :Test/lect10-demo/test.py
> git ls-files --stage -- /home/Mdinh5/Test/lect10-demo/test.py
> git check-ignore -v -z --stdin
> git show --textconv :GroupPro/swe-project2/py_files/test.py
> git ls-files --stage -- /home/Mdinh5/GroupPro/swe-project2/py_files/test.py
> git show --textconv :GroupPro/swe-project2/src/App.css
> git ls-files --stage -- /home/Mdinh5/GroupPro/swe-project2/src/App.css
> git show --textconv :GroupPro/swe-project2/src/App.js
> git ls-files --stage -- /home/Mdinh5/GroupPro/swe-project2/src/App.js
> git show --textconv :GroupPro/swe-project2/app.py
> git ls-files --stage -- /home/Mdinh5/GroupPro/swe-project2/app.py
> git show --textconv :GroupPro/swe-project2/src/App.js
> git ls-files --stage -- /home/Mdinh5/GroupPro/swe-project2/src/App.js
> git show --textconv :GroupPro/swe-project2/app.py
> git ls-files --stage -- /home/Mdinh5/GroupPro/swe-project2/app.py
> git show --textconv :GroupPro/swe-project2/templates/Static_City.html
> git ls-files --stage -- /home/Mdinh5/GroupPro/swe-project2/templates/Static_City.html
