

*
* Visual Studio Code Server
*
* Reminder: You may only use this software with Visual Studio family products,
* as described in the license https://aka.ms/vscode-remote/license
*

Extension host agent listening on 36855

[05:26:11] Extension host agent started.
[05:26:11] [127.0.0.1][a9d48fe3][ManagementConnection] New connection established.
[05:26:11] [127.0.0.1][85cadd27][ExtensionHostConnection] New connection established.
[05:26:11] [127.0.0.1][85cadd27][ExtensionHostConnection] <2860> Launched Extension Host Process.
[05:26:13] Deleted from disk ms-python.vscode-pylance /home/Mdinh5/.vscode-server/extensions/ms-python.vscode-pylance-2021.10.3
[05:26:13] Deleted from disk ms-python.python /home/Mdinh5/.vscode-server/extensions/ms-python.python-2021.10.1365161279
[05:26:15] Installing extension: ms-toolsai.jupyter
[05:26:16] Downloaded extension: ms-toolsai.jupyter /home/Mdinh5/.vscode-server/data/CachedExtensionVSIXs/ms-toolsai.jupyter-2021.10.1001414422
[05:26:18] Extracted extension to /home/Mdinh5/.vscode-server/extensions/.8c5e519a-01cd-4286-ada7-340fa5ebdbbc: ms-toolsai.jupyter
[05:26:18] Renamed to /home/Mdinh5/.vscode-server/extensions/ms-toolsai.jupyter-2021.10.1001414422
[05:26:18] Extracting completed. ms-toolsai.jupyter
[05:26:18] Extension installed successfully: ms-toolsai.jupyter
[05:26:21] [File Watcher (chokidar)] Inotify limit reached (ENOSPC)
[06:43:05] [127.0.0.1][a9d48fe3][ManagementConnection] The client has disconnected gracefully, so the connection will be disposed.
Error: disposed
    at f.requestPromise (/home/Mdinh5/.vscode-server/bin/b3318bc0524af3d74034b8bb8a64df0ccf35549a/out/vs/server/remoteExtensionHostAgent.js:81:9494)
    at Object.call (/home/Mdinh5/.vscode-server/bin/b3318bc0524af3d74034b8bb8a64df0ccf35549a/out/vs/server/remoteExtensionHostAgent.js:81:9331)
    at Object.call (/home/Mdinh5/.vscode-server/bin/b3318bc0524af3d74034b8bb8a64df0ccf35549a/out/vs/server/remoteExtensionHostAgent.js:80:7515)
    at Proxy.<anonymous> (/home/Mdinh5/.vscode-server/bin/b3318bc0524af3d74034b8bb8a64df0ccf35549a/out/vs/server/remoteExtensionHostAgent.js:80:8954)
    at I.watch (/home/Mdinh5/.vscode-server/bin/b3318bc0524af3d74034b8bb8a64df0ccf35549a/out/vs/server/remoteExtensionHostAgent.js:85:69292)
    at s.doWatch (/home/Mdinh5/.vscode-server/bin/b3318bc0524af3d74034b8bb8a64df0ccf35549a/out/vs/server/remoteExtensionHostAgent.js:88:12393)
    at s.doWatch (/home/Mdinh5/.vscode-server/bin/b3318bc0524af3d74034b8bb8a64df0ccf35549a/out/vs/server/remoteExtensionHostAgent.js:88:78534)
    at s.doRefreshRecursiveWatchers (/home/Mdinh5/.vscode-server/bin/b3318bc0524af3d74034b8bb8a64df0ccf35549a/out/vs/server/remoteExtensionHostAgent.js:88:12311)
    at /home/Mdinh5/.vscode-server/bin/b3318bc0524af3d74034b8bb8a64df0ccf35549a/out/vs/server/remoteExtensionHostAgent.js:88:11797
    at b.queue (/home/Mdinh5/.vscode-server/bin/b3318bc0524af3d74034b8bb8a64df0ccf35549a/out/vs/server/remoteExtensionHostAgent.js:77:11973)
    at /home/Mdinh5/.vscode-server/bin/b3318bc0524af3d74034b8bb8a64df0ccf35549a/out/vs/server/remoteExtensionHostAgent.js:77:13464
    at /home/Mdinh5/.vscode-server/bin/b3318bc0524af3d74034b8bb8a64df0ccf35549a/out/vs/server/remoteExtensionHostAgent.js:77:12926
[06:43:07] [127.0.0.1][85cadd27][ExtensionHostConnection] <2860> Extension Host Process exited with code: 0, signal: null.
Last EH closed, waiting before shutting down
[06:43:07] Last EH closed, waiting before shutting down
Last EH closed, shutting down
[06:48:07] Last EH closed, shutting down
